* 0.108570:*:cli:run!: doom sync -e
* 0.108720:*:cli:context-parse: found command (doom)
* 0.109023:*:cli:load: autoload /home/stefanj/.emacs.d/lisp/cli/sync.el
* 0.109073:*:cli:load: ~/.emacs.d/lisp/cli/sync.el nil
* 0.109303:*:cli:load: ~/.emacs.d/lisp/cli/packages nil
* 0.117435:*:cli:context-parse: found command (doom sync)
* 0.117698:*:cli:context-parse: found switch "-e"
* 0.117976:*:cli:context-execute: doom sync
* 0.118314:*:cli:execute: (:before) ((input) (context . #s(doom-cli-context (25507 16574 815085 278000) 1064269 1 (172 . 13) nil nil doom nil nil (doom sync) nil (sync -e) ((--jobs) (-j) (-p) (-u) (-c) (-e . -e) (--eval) (-E) (--strict-load) (--load) (-L) (--color) (--benchmark) (--profile) (--pager) (--emacsdir) (--doomdir) (--verbose) (-v) (--debug) (-D) (--force) (-!)) ((t) ((doom sync) -e) ((doom) sync -e))  *doom-cli stdin*  *doom-cli stdout*  *doom-cli stderr* nil)) (_) (evals) (loads) (color?) (bench?) (profile) (pager) (emacsdir) (doomdir) (verbose?) (debug?) (force?))
* 0.118379:*:cli:execute: (:before doom build) nil
* 0.118410:*:cli:Initializing straight
* 0.118442::context: +packages (cli t)
* 0.118469::context:module: =[0 -110 -110 :core nil nil nil]
* 0.164907:*:cli:Initializing recipes
* 0.167640:*:cli:Installing core packages
* 0.167683:*:cli:execute: (doom sync) ((jobs) (purge?) (update?) (noelc?) (noenvvar? . -e))
* 0.167881:*:cli:call: (doom sync) -> (doom profiles sync --reload)
* 0.167969:*:cli:context-parse: found command (doom)
* 0.168181:*:cli:load: autoload /home/stefanj/.emacs.d/lisp/cli/profiles.el
* 0.168222:*:cli:load: ~/.emacs.d/lisp/cli/profiles.el nil
* 0.172583:*:cli:context-parse: found command (doom profiles)
* 0.172857:*:cli:context-parse: found command (doom profiles sync)
* 0.173118:*:cli:context-parse: found switch "--reload"
* 0.173384:*:cli:context-execute: doom profiles sync
* 0.173721:*:cli:execute: (:before) ((input) (context . #s(doom-cli-context (25507 16574 815085 278000) 1064269 1 (172 . 13) nil nil doom nil nil (doom profiles sync) nil (sync -e) ((--reload . --reload) (--jobs) (-j) (-p) (-u) (-c) (-e . -e) (--eval) (-E) (--strict-load) (--load) (-L) (--color) (--benchmark) (--profile) (--pager) (--emacsdir) (--doomdir) (--verbose) (-v) (--debug) (-D) (--force) (-!)) ((t) ((doom profiles sync) --reload) ((doom profiles) sync --reload) ((doom) profiles sync --reload))  *doom-cli stdin*  *doom-cli stdout*  *doom-cli stderr* nil)) (_) (evals) (loads) (color?) (bench?) (profile) (pager) (emacsdir) (doomdir) (verbose?) (debug?) (force?))
* 0.173792:*:cli:execute: (doom profiles sync) ((reload? . --reload))
  * 0.174159:*:cli:Profiles are up-to-date!
> Synchronizing "default" profile...
  * 0.174726:*:cli:Initializing package.el
  * 0.409119:*:cli:Initializing straight.el
  * 0.409431::context: +packages (cli t)
  * 0.409474::context:module: =[1 105 -105 :user nil nil nil]
  * 0.409798::context:module: =[2 -111 -111 :config use-package nil nil]
  * 0.410367::context:module: =[0 -110 -110 :core nil nil nil]
  * 0.418177::context:module: =[1 105 -105 :user nil nil nil]
  * 0.418492::context:module: =[3 0 0 :completion company nil nil]
  * 0.419447::context:module: =[4 0 0 :completion vertico nil nil]
  * 0.422983::context:module: =[5 0 0 :ui doom nil nil]
  * 0.423801::context:module: =[6 0 0 :ui doom-dashboard nil nil]
  * 0.423861::context:module: =[7 0 0 :ui hl-todo nil nil]
  * 0.424352::context:module: =[8 0 0 :ui modeline nil nil]
  * 0.425634::context:module: =[9 0 0 :ui nav-flash nil nil]
  * 0.426133::context:module: =[10 0 0 :ui ophints nil nil]
  * 0.426800::context:module: =[11 0 0 :ui popup (+defaults) nil]
  * 0.426859::context:module: =[12 0 0 :ui vc-gutter (+pretty) nil]
  * 0.427510::context:module: =[13 0 0 :ui vi-tilde-fringe nil nil]
  * 0.428003::context:module: =[14 0 0 :ui workspaces nil nil]
  * 0.428478::context:module: =[15 0 0 :editor evil (+everywhere) nil]
  * 0.433605::context:module: =[16 0 0 :editor file-templates nil nil]
  * 0.434102::context:module: =[17 0 0 :editor fold nil nil]
  * 0.435334::context:module: =[18 0 0 :editor format (+onsave) nil]
  * 0.435825::context:module: =[19 0 0 :editor snippets nil nil]
  * 0.436888::context:module: =[20 0 0 :emacs dired nil nil]
  * 0.438729::context:module: =[21 0 0 :emacs electric nil nil]
  * 0.438785::context:module: =[22 0 0 :emacs ibuffer nil nil]
  * 0.439542::context:module: =[23 0 0 :emacs undo nil nil]
  * 0.440447::context:module: =[24 0 0 :emacs vc nil nil]
  * 0.442542::context:module: =[25 0 0 :checkers syntax nil nil]
  * 0.443502::context:module: =[26 0 0 :tools eval (+overlay) nil]
  * 0.444252::context:module: =[27 0 0 :tools lookup nil nil]
  * 0.446945::context:module: =[28 0 0 :tools magit nil nil]
  * 0.448530::context:module: =[29 0 0 :lang emacs-lisp nil nil]
  * 0.451148::context:module: =[30 0 0 :lang javascript nil nil]
  * 0.453443::context:module: =[31 0 0 :lang lua nil nil]
  * 0.454764::context:module: =[32 0 0 :lang markdown nil nil]
  * 0.456223::context:module: =[33 0 0 :lang org nil nil]
  * 0.465817::context:module: =[34 0 0 :lang php nil nil]
  * 0.468664::context:module: =[35 0 0 :lang python nil nil]
  * 0.472424::context:module: =[36 0 0 :lang sh nil nil]
  * 0.473269::context:module: =[37 0 0 :config default (+bindings +smartparens) nil]
  * 0.474396::context:module: =[1 105 -105 :user nil nil nil]
  > Installing packages...
    - No packages need to be installed
  > (Re)building packages...
    - No packages need rebuilding
  > Purging orphaned packages (for the emperor)...
    - Skipping builds
    - Skipping elpa packages
    - Skipping repos
    - Skipping regrafting
    - Skipping native bytecode
  > (Re)building profile in /home/stefanj/.emacs.d/.local/etc/@/...
    > Deleting old init files...
    > Generating 4 init files...
    > Byte-compiling ~/.emacs.d/.local/etc/@init.28.el...
    ✓ Built init.28.elc
  - Restart Emacs or use 'M-x doom/reload' for changes to take effect
* 1.288688:*:cli:Finished (GCs: 1, elapsed: 0.007998s)
* 1.288688:*:cli:Finished (GCs: 1, elapsed: 0.007998s)
✓ Finished in 1.28877s
