* 0.104805:*:cli:run!: doom sync -e
* 0.104938:*:cli:context-parse: found command (doom)
* 0.105203:*:cli:load: autoload /home/stefanj/.emacs.d/lisp/cli/sync.el
* 0.105252:*:cli:load: ~/.emacs.d/lisp/cli/sync.el nil
* 0.105458:*:cli:load: ~/.emacs.d/lisp/cli/packages nil
* 0.113250:*:cli:context-parse: found command (doom sync)
* 0.113510:*:cli:context-parse: found switch "-e"
* 0.113809:*:cli:context-execute: doom sync
* 0.114151:*:cli:execute: (:before) ((input) (context . #s(doom-cli-context (25505 51766 536871 79000) 161242 1 (237 . 17) nil nil doom nil nil (doom sync) nil (sync -e) ((--jobs) (-j) (-p) (-u) (-c) (-e . -e) (--eval) (-E) (--strict-load) (--load) (-L) (--color) (--benchmark) (--profile) (--pager) (--emacsdir) (--doomdir) (--verbose) (-v) (--debug) (-D) (--force) (-!)) ((t) ((doom sync) -e) ((doom) sync -e))  *doom-cli stdin*  *doom-cli stdout*  *doom-cli stderr* nil)) (_) (evals) (loads) (color?) (bench?) (profile) (pager) (emacsdir) (doomdir) (verbose?) (debug?) (force?))
* 0.114222:*:cli:execute: (:before doom build) nil
* 0.114253:*:cli:Initializing straight
* 0.114281::context: +packages (cli t)
* 0.114306::context:module: =[0 -110 -110 :core nil nil nil]
* 0.159114:*:cli:Initializing recipes
* 0.164593:*:cli:Installing core packages
* 0.164636:*:cli:execute: (doom sync) ((jobs) (purge?) (update?) (noelc?) (noenvvar? . -e))
* 0.164816:*:cli:call: (doom sync) -> (doom profiles sync --reload)
* 0.164912:*:cli:context-parse: found command (doom)
* 0.165109:*:cli:load: autoload /home/stefanj/.emacs.d/lisp/cli/profiles.el
* 0.165163:*:cli:load: ~/.emacs.d/lisp/cli/profiles.el nil
* 0.169404:*:cli:context-parse: found command (doom profiles)
* 0.169690:*:cli:context-parse: found command (doom profiles sync)
* 0.169932:*:cli:context-parse: found switch "--reload"
* 0.170204:*:cli:context-execute: doom profiles sync
* 0.170531:*:cli:execute: (:before) ((input) (context . #s(doom-cli-context (25505 51766 536871 79000) 161242 1 (237 . 17) nil nil doom nil nil (doom profiles sync) nil (sync -e) ((--reload . --reload) (--jobs) (-j) (-p) (-u) (-c) (-e . -e) (--eval) (-E) (--strict-load) (--load) (-L) (--color) (--benchmark) (--profile) (--pager) (--emacsdir) (--doomdir) (--verbose) (-v) (--debug) (-D) (--force) (-!)) ((t) ((doom profiles sync) --reload) ((doom profiles) sync --reload) ((doom) profiles sync --reload))  *doom-cli stdin*  *doom-cli stdout*  *doom-cli stderr* nil)) (_) (evals) (loads) (color?) (bench?) (profile) (pager) (emacsdir) (doomdir) (verbose?) (debug?) (force?))
* 0.170631:*:cli:execute: (doom profiles sync) ((reload? . --reload))
  * 0.170972:*:cli:Profiles are up-to-date!
> Synchronizing "default" profile...
  * 0.171544:*:cli:Initializing package.el
  * 0.366796:*:cli:Initializing straight.el
  * 0.367057::context: +packages (cli t)
  * 0.367101::context:module: =[1 105 -105 :user nil nil nil]
  * 0.367323::context:module: =[2 -111 -111 :config use-package nil nil]
  * 0.367855::context:module: =[0 -110 -110 :core nil nil nil]
  * 0.374488::context:module: =[1 105 -105 :user nil nil nil]
  * 0.374804::context:module: =[3 0 0 :completion company nil nil]
  * 0.375732::context:module: =[4 0 0 :completion vertico nil nil]
  * 0.378813::context:module: =[5 0 0 :ui doom nil nil]
  * 0.379486::context:module: =[6 0 0 :ui doom-dashboard nil nil]
  * 0.379611::context:module: =[7 0 0 :ui hl-todo nil nil]
  * 0.380055::context:module: =[8 0 0 :ui modeline nil nil]
  * 0.381297::context:module: =[9 0 0 :ui nav-flash nil nil]
  * 0.381803::context:module: =[10 0 0 :ui ophints nil nil]
  * 0.382410::context:module: =[11 0 0 :ui popup (+defaults) nil]
  * 0.382477::context:module: =[12 0 0 :ui vc-gutter (+pretty) nil]
  * 0.383104::context:module: =[13 0 0 :ui vi-tilde-fringe nil nil]
  * 0.383562::context:module: =[14 0 0 :ui workspaces nil nil]
  * 0.384033::context:module: =[15 0 0 :editor evil (+everywhere) nil]
  * 0.388879::context:module: =[16 0 0 :editor file-templates nil nil]
  * 0.389314::context:module: =[17 0 0 :editor fold nil nil]
  * 0.390487::context:module: =[18 0 0 :editor format (+onsave) nil]
  * 0.390993::context:module: =[19 0 0 :editor snippets nil nil]
  * 0.391969::context:module: =[20 0 0 :emacs dired nil nil]
  * 0.393679::context:module: =[21 0 0 :emacs electric nil nil]
  * 0.393730::context:module: =[22 0 0 :emacs ibuffer nil nil]
  * 0.394352::context:module: =[23 0 0 :emacs undo nil nil]
  * 0.395195::context:module: =[24 0 0 :emacs vc nil nil]
  * 0.397105::context:module: =[25 0 0 :checkers syntax nil nil]
  * 0.397970::context:module: =[26 0 0 :tools eval (+overlay) nil]
  * 0.398682::context:module: =[27 0 0 :tools lookup nil nil]
  * 0.401100::context:module: =[28 0 0 :tools magit nil nil]
  * 0.402477::context:module: =[29 0 0 :lang emacs-lisp nil nil]
  * 0.404876::context:module: =[30 0 0 :lang javascript nil nil]
  * 0.407047::context:module: =[31 0 0 :lang lua nil nil]
  * 0.408238::context:module: =[32 0 0 :lang markdown nil nil]
  * 0.409642::context:module: =[33 0 0 :lang org nil nil]
  * 0.419771::context:module: =[34 0 0 :lang python nil nil]
  * 0.423612::context:module: =[35 0 0 :lang sh nil nil]
  * 0.424393::context:module: =[36 0 0 :config default (+bindings +smartparens) nil]
  * 0.425569::context:module: =[1 105 -105 :user nil nil nil]
  > Installing packages...
    - Checked out dired-rsync: 7940d9154d0a908693999b0e1ea351a6d365c93d
    > Building dired-rsync...
      INFO     Scraping files for dired-rsync-autoloads.el... 
      INFO     Scraping files for dired-rsync-autoloads.el...done
    ✓ Installed 1 packages
  > (Re)building packages...
    - No packages need rebuilding
  > Purging orphaned packages (for the emperor)...
    - Skipping builds
    - Skipping elpa packages
    - Skipping repos
    - Skipping regrafting
    - Skipping native bytecode
  > (Re)building profile in /home/stefanj/.emacs.d/.local/etc/@/...
    > Deleting old init files...
    > Generating 4 init files...
    > Byte-compiling ~/.emacs.d/.local/etc/@init.28.el...
    ✓ Built init.28.elc
  - Restart Emacs or use 'M-x doom/reload' for changes to take effect
* 1.934011:*:cli:Finished (GCs: 1, elapsed: 0.008026s)
* 1.934011:*:cli:Finished (GCs: 1, elapsed: 0.008026s)
✓ Finished in 1.93426s
