* 0.103081:*:cli:run!: doom sync -e
* 0.103195:*:cli:context-parse: found command (doom)
* 0.103438:*:cli:load: autoload /home/stefanj/.emacs.d/lisp/cli/sync.el
* 0.103482:*:cli:load: ~/.emacs.d/lisp/cli/sync.el nil
* 0.103817:*:cli:load: ~/.emacs.d/lisp/cli/packages nil
* 0.111340:*:cli:context-parse: found command (doom sync)
* 0.111586:*:cli:context-parse: found switch "-e"
* 0.111895:*:cli:context-execute: doom sync
* 0.112203:*:cli:execute: (:before) ((input) (context . #s(doom-cli-context (25505 51212 241768 187000) 148341 1 (190 . 12) nil nil doom nil nil (doom sync) nil (sync -e) ((--jobs) (-j) (-p) (-u) (-c) (-e . -e) (--eval) (-E) (--strict-load) (--load) (-L) (--color) (--benchmark) (--profile) (--pager) (--emacsdir) (--doomdir) (--verbose) (-v) (--debug) (-D) (--force) (-!)) ((t) ((doom sync) -e) ((doom) sync -e))  *doom-cli stdin*  *doom-cli stdout*  *doom-cli stderr* nil)) (_) (evals) (loads) (color?) (bench?) (profile) (pager) (emacsdir) (doomdir) (verbose?) (debug?) (force?))
* 0.112260:*:cli:execute: (:before doom build) nil
* 0.112293:*:cli:Initializing straight
* 0.112320::context: +packages (cli t)
* 0.112353::context:module: =[0 -110 -110 :core nil nil nil]
* 0.155571:*:cli:Initializing recipes
* 0.158160:*:cli:Installing core packages
* 0.158211:*:cli:execute: (doom sync) ((jobs) (purge?) (update?) (noelc?) (noenvvar? . -e))
* 0.158367:*:cli:call: (doom sync) -> (doom profiles sync --reload)
* 0.158449:*:cli:context-parse: found command (doom)
* 0.158715:*:cli:load: autoload /home/stefanj/.emacs.d/lisp/cli/profiles.el
* 0.158754:*:cli:load: ~/.emacs.d/lisp/cli/profiles.el nil
* 0.162779:*:cli:context-parse: found command (doom profiles)
* 0.163022:*:cli:context-parse: found command (doom profiles sync)
* 0.163362:*:cli:context-parse: found switch "--reload"
* 0.163767:*:cli:context-execute: doom profiles sync
* 0.164073:*:cli:execute: (:before) ((input) (context . #s(doom-cli-context (25505 51212 241768 187000) 148341 1 (190 . 12) nil nil doom nil nil (doom profiles sync) nil (sync -e) ((--reload . --reload) (--jobs) (-j) (-p) (-u) (-c) (-e . -e) (--eval) (-E) (--strict-load) (--load) (-L) (--color) (--benchmark) (--profile) (--pager) (--emacsdir) (--doomdir) (--verbose) (-v) (--debug) (-D) (--force) (-!)) ((t) ((doom profiles sync) --reload) ((doom profiles) sync --reload) ((doom) profiles sync --reload))  *doom-cli stdin*  *doom-cli stdout*  *doom-cli stderr* nil)) (_) (evals) (loads) (color?) (bench?) (profile) (pager) (emacsdir) (doomdir) (verbose?) (debug?) (force?))
* 0.164140:*:cli:execute: (doom profiles sync) ((reload? . --reload))
  * 0.164476:*:cli:Profiles are up-to-date!
> Synchronizing "default" profile...
  * 0.165095:*:cli:Initializing package.el
  * 0.354217:*:cli:Initializing straight.el
  * 0.354485::context: +packages (cli t)
  * 0.354521::context:module: =[1 105 -105 :user nil nil nil]
  * 0.354756::context:module: =[2 -111 -111 :config use-package nil nil]
  * 0.355218::context:module: =[0 -110 -110 :core nil nil nil]
  * 0.361628::context:module: =[1 105 -105 :user nil nil nil]
  * 0.361857::context:module: =[3 0 0 :completion company nil nil]
  * 0.362731::context:module: =[4 0 0 :completion vertico nil nil]
  * 0.365912::context:module: =[5 0 0 :ui doom nil nil]
  * 0.366589::context:module: =[6 0 0 :ui doom-dashboard nil nil]
  * 0.366687::context:module: =[7 0 0 :ui hl-todo nil nil]
  * 0.367100::context:module: =[8 0 0 :ui modeline nil nil]
  * 0.368281::context:module: =[9 0 0 :ui ophints nil nil]
  * 0.368929::context:module: =[10 0 0 :ui popup (+defaults) nil]
  * 0.368976::context:module: =[11 0 0 :ui vc-gutter (+pretty) nil]
  * 0.369550::context:module: =[12 0 0 :ui vi-tilde-fringe nil nil]
  * 0.370031::context:module: =[13 0 0 :ui workspaces nil nil]
  * 0.370449::context:module: =[14 0 0 :editor evil (+everywhere) nil]
  * 0.375219::context:module: =[15 0 0 :editor file-templates nil nil]
  * 0.375691::context:module: =[16 0 0 :editor fold nil nil]
  * 0.376821::context:module: =[17 0 0 :editor format (+onsave) nil]
  * 0.377267::context:module: =[18 0 0 :editor snippets nil nil]
  * 0.378220::context:module: =[19 0 0 :emacs dired nil nil]
  * 0.379889::context:module: =[20 0 0 :emacs electric nil nil]
  * 0.379937::context:module: =[21 0 0 :emacs undo nil nil]
  * 0.380768::context:module: =[22 0 0 :emacs vc nil nil]
  * 0.382638::context:module: =[23 0 0 :checkers syntax nil nil]
  * 0.383492::context:module: =[24 0 0 :tools eval (+overlay) nil]
  * 0.384228::context:module: =[25 0 0 :tools lookup nil nil]
  * 0.386630::context:module: =[26 0 0 :tools magit nil nil]
  * 0.388034::context:module: =[27 0 0 :lang emacs-lisp nil nil]
  * 0.390332::context:module: =[28 0 0 :lang javascript nil nil]
  * 0.392497::context:module: =[29 0 0 :lang lua nil nil]
  * 0.393852::context:module: =[30 0 0 :lang markdown nil nil]
  * 0.395339::context:module: =[31 0 0 :lang org nil nil]
  * 0.408016::context:module: =[32 0 0 :lang python nil nil]
  * 0.411885::context:module: =[33 0 0 :lang sh nil nil]
  * 0.412833::context:module: =[34 0 0 :config default (+bindings +smartparens) nil]
  * 0.414237::context:module: =[1 105 -105 :user nil nil nil]
  > Installing packages...
    - No packages need to be installed
  > (Re)building packages...
    - No packages need rebuilding
  > Purging orphaned packages (for the emperor)...
    - Skipping builds
    - Skipping elpa packages
    - Skipping repos
    - Skipping regrafting
    - Skipping native bytecode
  > (Re)building profile in /home/stefanj/.emacs.d/.local/etc/@/...
    > Deleting old init files...
    > Generating 4 init files...
    > Byte-compiling ~/.emacs.d/.local/etc/@init.28.el...
    ✓ Built init.28.elc
  - Restart Emacs or use 'M-x doom/reload' for changes to take effect
* 1.153188:*:cli:Finished (GCs: 1, elapsed: 0.007935s)
* 1.153188:*:cli:Finished (GCs: 1, elapsed: 0.007935s)
✓ Finished in 1.15333s
