* 0.103419:*:cli:run!: doom sync -e
* 0.103556:*:cli:context-parse: found command (doom)
* 0.103824:*:cli:load: autoload /home/stefanj/.emacs.d/lisp/cli/sync.el
* 0.103873:*:cli:load: ~/.emacs.d/lisp/cli/sync.el nil
* 0.104113:*:cli:load: ~/.emacs.d/lisp/cli/packages nil
* 0.111572:*:cli:context-parse: found command (doom sync)
* 0.111825:*:cli:context-parse: found switch "-e"
* 0.112091:*:cli:context-execute: doom sync
* 0.112427:*:cli:execute: (:before) ((input) (context . #s(doom-cli-context (25505 52553 920858 428000) 179501 1 (189 . 12) nil nil doom nil nil (doom sync) nil (sync -e) ((--jobs) (-j) (-p) (-u) (-c) (-e . -e) (--eval) (-E) (--strict-load) (--load) (-L) (--color) (--benchmark) (--profile) (--pager) (--emacsdir) (--doomdir) (--verbose) (-v) (--debug) (-D) (--force) (-!)) ((t) ((doom sync) -e) ((doom) sync -e))  *doom-cli stdin*  *doom-cli stdout*  *doom-cli stderr* nil)) (_) (evals) (loads) (color?) (bench?) (profile) (pager) (emacsdir) (doomdir) (verbose?) (debug?) (force?))
* 0.112499:*:cli:execute: (:before doom build) nil
* 0.112535:*:cli:Initializing straight
* 0.112564::context: +packages (cli t)
* 0.112590::context:module: =[0 -110 -110 :core nil nil nil]
* 0.156370:*:cli:Initializing recipes
* 0.159023:*:cli:Installing core packages
* 0.159063:*:cli:execute: (doom sync) ((jobs) (purge?) (update?) (noelc?) (noenvvar? . -e))
* 0.159233:*:cli:call: (doom sync) -> (doom profiles sync --reload)
* 0.159328:*:cli:context-parse: found command (doom)
* 0.159544:*:cli:load: autoload /home/stefanj/.emacs.d/lisp/cli/profiles.el
* 0.159584:*:cli:load: ~/.emacs.d/lisp/cli/profiles.el nil
* 0.163641:*:cli:context-parse: found command (doom profiles)
* 0.163883:*:cli:context-parse: found command (doom profiles sync)
* 0.164131:*:cli:context-parse: found switch "--reload"
* 0.164387:*:cli:context-execute: doom profiles sync
* 0.164708:*:cli:execute: (:before) ((input) (context . #s(doom-cli-context (25505 52553 920858 428000) 179501 1 (189 . 12) nil nil doom nil nil (doom profiles sync) nil (sync -e) ((--reload . --reload) (--jobs) (-j) (-p) (-u) (-c) (-e . -e) (--eval) (-E) (--strict-load) (--load) (-L) (--color) (--benchmark) (--profile) (--pager) (--emacsdir) (--doomdir) (--verbose) (-v) (--debug) (-D) (--force) (-!)) ((t) ((doom profiles sync) --reload) ((doom profiles) sync --reload) ((doom) profiles sync --reload))  *doom-cli stdin*  *doom-cli stdout*  *doom-cli stderr* nil)) (_) (evals) (loads) (color?) (bench?) (profile) (pager) (emacsdir) (doomdir) (verbose?) (debug?) (force?))
* 0.164779:*:cli:execute: (doom profiles sync) ((reload? . --reload))
  * 0.165108:*:cli:Profiles are up-to-date!
> Synchronizing "default" profile...
  * 0.165661:*:cli:Initializing package.el
  * 0.357654:*:cli:Initializing straight.el
  * 0.357925::context: +packages (cli t)
  * 0.357963::context:module: =[1 105 -105 :user nil nil nil]
  * 0.358188::context:module: =[2 -111 -111 :config use-package nil nil]
  * 0.358676::context:module: =[0 -110 -110 :core nil nil nil]
  * 0.365123::context:module: =[1 105 -105 :user nil nil nil]
  * 0.365345::context:module: =[3 0 0 :completion company nil nil]
  * 0.366240::context:module: =[4 0 0 :completion vertico nil nil]
  * 0.369140::context:module: =[5 0 0 :ui doom nil nil]
  * 0.369817::context:module: =[6 0 0 :ui doom-dashboard nil nil]
  * 0.369869::context:module: =[7 0 0 :ui hl-todo nil nil]
  * 0.370296::context:module: =[8 0 0 :ui modeline nil nil]
  * 0.371437::context:module: =[9 0 0 :ui nav-flash nil nil]
  * 0.371871::context:module: =[10 0 0 :ui ophints nil nil]
  * 0.372472::context:module: =[11 0 0 :ui popup (+defaults) nil]
  * 0.372534::context:module: =[12 0 0 :ui vc-gutter (+pretty) nil]
  * 0.373117::context:module: =[13 0 0 :ui vi-tilde-fringe nil nil]
  * 0.373560::context:module: =[14 0 0 :ui workspaces nil nil]
  * 0.373991::context:module: =[15 0 0 :editor evil (+everywhere) nil]
  * 0.378675::context:module: =[16 0 0 :editor file-templates nil nil]
  * 0.379094::context:module: =[17 0 0 :editor fold nil nil]
  * 0.380203::context:module: =[18 0 0 :editor format (+onsave) nil]
  * 0.380675::context:module: =[19 0 0 :editor snippets nil nil]
  * 0.381624::context:module: =[20 0 0 :emacs dired nil nil]
  * 0.383271::context:module: =[21 0 0 :emacs electric nil nil]
  * 0.383319::context:module: =[22 0 0 :emacs ibuffer nil nil]
  * 0.384009::context:module: =[23 0 0 :emacs undo nil nil]
  * 0.384831::context:module: =[24 0 0 :emacs vc nil nil]
  * 0.386836::context:module: =[25 0 0 :checkers syntax nil nil]
  * 0.387734::context:module: =[26 0 0 :tools eval (+overlay) nil]
  * 0.388420::context:module: =[27 0 0 :tools lookup nil nil]
  * 0.390866::context:module: =[28 0 0 :tools magit nil nil]
  * 0.392248::context:module: =[29 0 0 :lang emacs-lisp nil nil]
  * 0.394649::context:module: =[30 0 0 :lang javascript nil nil]
  * 0.396863::context:module: =[31 0 0 :lang lua nil nil]
  * 0.398050::context:module: =[32 0 0 :lang markdown nil nil]
  * 0.399397::context:module: =[33 0 0 :lang org nil nil]
  * 0.408233::context:module: =[34 0 0 :lang python nil nil]
  * 0.411618::context:module: =[35 0 0 :lang sh nil nil]
  * 0.412392::context:module: =[36 0 0 :config default (+bindings +smartparens) nil]
  * 0.413450::context:module: =[1 105 -105 :user nil nil nil]
  > Installing packages...
    - No packages need to be installed
  > (Re)building packages...
    - No packages need rebuilding
  > Purging orphaned packages (for the emperor)...
    - Skipping builds
    - Skipping elpa packages
    - Skipping repos
    - Skipping regrafting
    - Skipping native bytecode
  > (Re)building profile in /home/stefanj/.emacs.d/.local/etc/@/...
    > Deleting old init files...
    > Generating 4 init files...
    > Byte-compiling ~/.emacs.d/.local/etc/@init.28.el...
    ✓ Built init.28.elc
  - Restart Emacs or use 'M-x doom/reload' for changes to take effect
* 1.157684:*:cli:Finished (GCs: 1, elapsed: 0.008093s)
* 1.157684:*:cli:Finished (GCs: 1, elapsed: 0.008093s)
✓ Finished in 1.15789s
