* 0.116635:*:cli:run!: doom upgrade --force
* 0.116784:*:cli:context-parse: found command (doom)
* 0.117326:*:cli:load: autoload /home/stefanj/.emacs.d/lisp/cli/upgrade.el
* 0.117381:*:cli:load: ~/.emacs.d/lisp/cli/upgrade.el nil
* 0.117833:*:cli:load: ~/.emacs.d/lisp/cli/packages nil
* 0.125086:*:cli:load: ~/.emacs.d/lisp/cli/compile nil
* 0.128796:*:cli:context-parse: found command (doom upgrade)
* 0.129050:*:cli:context-parse: found switch "--force"
* 0.129304:*:cli:context-execute: doom upgrade
* 0.129596:*:cli:execute: (:before) ((input) (context . #s(doom-cli-context (25507 15518 475744 23000) 1038805 1 (172 . 12) nil nil doom nil nil (doom upgrade) nil (upgrade --force) ((--jobs) (-j) (--packages) (-p) (--eval) (-E) (--strict-load) (--load) (-L) (--color) (--benchmark) (--profile) (--pager) (--emacsdir) (--doomdir) (--verbose) (-v) (--debug) (-D) (--force . --force) (-!)) ((t) ((doom upgrade) --force) ((doom) upgrade --force))  *doom-cli stdin*  *doom-cli stdout*  *doom-cli stderr* nil)) (_) (evals) (loads) (color?) (bench?) (profile) (pager) (emacsdir) (doomdir) (verbose?) (debug?) (force? . --force))
* 0.129681:*:cli:execute: (doom upgrade) ((context . #s(doom-cli-context (25507 15518 475744 23000) 1038805 1 (172 . 12) nil t doom nil nil (doom upgrade) nil (upgrade --force) ((--jobs) (-j) (--packages) (-p) (--eval) (-E) (--strict-load) (--load) (-L) (--color) (--benchmark) (--profile) (--pager) (--emacsdir) (--doomdir) (--verbose) (-v) (--debug) (-D) (--force . --force) (-!)) ((t) ((doom upgrade) --force) ((doom) upgrade --force))  *doom-cli stdin*  *doom-cli stdout*  *doom-cli stderr* nil)) (jobs) (packages?))
> Preparing to upgrade Doom Emacs and its packages...
✓ Doom is already up-to-date!
Doom is up-to-date!
* 9.638785:*:cli:call: (doom upgrade) -> (doom sync -u)
* 9.638910:*:cli:context-parse: found command (doom)
* 9.639138:*:cli:load: autoload /home/stefanj/.emacs.d/lisp/cli/sync.el
* 9.639202:*:cli:load: ~/.emacs.d/lisp/cli/sync.el nil
* 9.639572:*:cli:load: ~/.emacs.d/lisp/cli/packages nil
* 9.648135:*:cli:context-parse: found command (doom sync)
* 9.648448:*:cli:context-parse: found switch "-u"
* 9.648715:*:cli:context-execute: doom sync
* 9.649086:*:cli:execute: (:before) ((input) (context . #s(doom-cli-context (25507 15518 475744 23000) 1038805 1 (172 . 12) nil t doom nil nil (doom sync) nil (upgrade --force) ((-u . -u) (-c) (-e) (--jobs) (-j) (--packages) (-p) (--eval) (-E) (--strict-load) (--load) (-L) (--color) (--benchmark) (--profile) (--pager) (--emacsdir) (--doomdir) (--verbose) (-v) (--debug) (-D) (--force . --force) (-!)) ((t) ((doom sync) -u) ((doom) sync -u))  *doom-cli stdin*  *doom-cli stdout*  *doom-cli stderr* nil)) (_) (evals) (loads) (color?) (bench?) (profile) (pager) (emacsdir) (doomdir) (verbose?) (debug?) (force? . --force))
* 9.649156:*:cli:execute: (:before doom build) nil
* 9.649189:*:cli:Initializing straight
* 9.649245::context: +packages (cli t)
* 9.649275::context:module: =[0 -110 -110 :core nil nil nil]
* 9.707685:*:cli:Initializing recipes
* 9.716229:*:cli:Installing core packages
* 9.716283:*:cli:execute: (doom sync) ((jobs) (purge?) (update? . -u) (noelc?) (noenvvar?))
* 9.716475:*:cli:call: (doom sync) -> (doom profiles sync --reload)
* 9.716574:*:cli:context-parse: found command (doom)
* 9.716815:*:cli:load: autoload /home/stefanj/.emacs.d/lisp/cli/profiles.el
* 9.716859:*:cli:load: ~/.emacs.d/lisp/cli/profiles.el nil
* 9.721498:*:cli:context-parse: found command (doom profiles)
* 9.721766:*:cli:context-parse: found command (doom profiles sync)
* 9.722018:*:cli:context-parse: found switch "--reload"
* 9.722325:*:cli:context-execute: doom profiles sync
* 9.722672:*:cli:execute: (:before) ((input) (context . #s(doom-cli-context (25507 15518 475744 23000) 1038805 1 (172 . 12) nil t doom nil nil (doom profiles sync) nil (upgrade --force) ((--reload . --reload) (-u . -u) (-c) (-e) (--jobs) (-j) (--packages) (-p) (--eval) (-E) (--strict-load) (--load) (-L) (--color) (--benchmark) (--profile) (--pager) (--emacsdir) (--doomdir) (--verbose) (-v) (--debug) (-D) (--force . --force) (-!)) ((t) ((doom profiles sync) --reload) ((doom profiles) sync --reload) ((doom) profiles sync --reload))  *doom-cli stdin*  *doom-cli stdout*  *doom-cli stderr* nil)) (_) (evals) (loads) (color?) (bench?) (profile) (pager) (emacsdir) (doomdir) (verbose?) (debug?) (force? . --force))
* 9.722766:*:cli:execute: (doom profiles sync) ((reload? . --reload))
  * 9.723555:*:cli:Profiles are up-to-date!
> Synchronizing "default" profile...
  * 9.724197:*:cli:call: (doom profiles sync) -> (doom env)
  * 9.724299:*:cli:context-parse: found command (doom)
  * 9.724523:*:cli:load: autoload /home/stefanj/.emacs.d/lisp/cli/env.el
  * 9.724567:*:cli:load: ~/.emacs.d/lisp/cli/env.el nil
  * 9.726934:*:cli:context-parse: found command (doom env)
  * 9.727250:*:cli:context-execute: doom env
  * 9.727946:*:cli:execute: (:before) ((input) (context . #s(doom-cli-context (25507 15518 475744 23000) 1038805 1 (172 . 12) nil t doom nil nil (doom env) nil (upgrade --force) ((--deny) (-d) (--allow) (-a) (-o) (--deny-all) (--allow-all) (--reload . --reload) (-u . -u) (-c) (-e) (--jobs) (-j) (--packages) (-p) (--eval) (-E) (--strict-load) (--load) (-L) (--color) (--benchmark) (--profile) (--pager) (--emacsdir) (--doomdir) (--verbose) (-v) (--debug) (-D) (--force . --force) (-!)) ((t) ((doom env)) ((doom) env))  *doom-cli stdin*  *doom-cli stdout*  *doom-cli stderr* nil)) (_) (evals) (loads) (color?) (bench?) (profile) (pager) (emacsdir) (doomdir) (verbose?) (debug?) (force? . --force))
  * 9.728163:*:cli:execute: (doom env) ((rules) (output-file) (deny-only) (allow-only))
  > Regenerating envvars file
    * 9.729291:*:cli:cli:env: deny DBUS_SESSION_BUS_ADDRESS
    * 9.729517:*:cli:cli:env: deny XDG_RUNTIME_DIR
    * 9.729612:*:cli:cli:env: deny XDG_VTNR
    * 9.729651:*:cli:cli:env: deny SHLVL
    * 9.729687:*:cli:cli:env: deny DISPLAY
    * 9.729745:*:cli:cli:env: deny USER
    * 9.729835:*:cli:cli:env: deny __DOOMPID
    * 9.729873:*:cli:cli:env: deny TERM
    * 9.729915:*:cli:cli:env: deny XDG_SESSION_CLASS
    * 9.730021:*:cli:cli:env: deny XDG_SEAT_PATH
    * 9.730134:*:cli:cli:env: deny XDG_CURRENT_DESKTOP
    * 9.730184:*:cli:cli:env: deny __DOOMGPIPE
    * 9.730253:*:cli:cli:env: deny HOME
    * 9.730338:*:cli:cli:env: deny XAUTHORITY
    * 9.730382:*:cli:cli:env: deny XDG_SESSION_TYPE
    * 9.730505:*:cli:cli:env: deny PWD
    * 9.730560:*:cli:cli:env: deny XDG_SEAT
    * 9.730671:*:cli:cli:env: deny __DOOMSTEP
    * 9.730726:*:cli:cli:env: deny __DOOMGEOM
    * 9.730806:*:cli:cli:env: deny INSIDE_EMACS
    * 9.730839:*:cli:cli:env: deny TERMCAP
    * 9.730889:*:cli:cli:env: deny __DOOMPIPE
    ✓ Generated ~/.emacs.d/.local/env
  * 9.732023:*:cli:Initializing package.el
  * 9.982160:*:cli:Initializing straight.el
  * 9.982472::context: +packages (cli t)
  * 9.982514::context:module: =[1 105 -105 :user nil nil nil]
  * 9.982958::context:module: =[2 -111 -111 :config use-package nil nil]
  * 9.983625::context:module: =[0 -110 -110 :core nil nil nil]
  * 9.990553::context:module: =[1 105 -105 :user nil nil nil]
  * 9.990808::context:module: =[3 0 0 :completion company nil nil]
  * 9.991872::context:module: =[4 0 0 :completion vertico nil nil]
  * 9.995111::context:module: =[5 0 0 :ui doom nil nil]
  * 9.996011::context:module: =[6 0 0 :ui doom-dashboard nil nil]
  * 9.996065::context:module: =[7 0 0 :ui hl-todo nil nil]
  * 9.996658::context:module: =[8 0 0 :ui modeline nil nil]
  * 9.998052::context:module: =[9 0 0 :ui nav-flash nil nil]
  * 9.998667::context:module: =[10 0 0 :ui ophints nil nil]
  * 9.999485::context:module: =[11 0 0 :ui popup (+defaults) nil]
  * 9.999537::context:module: =[12 0 0 :ui vc-gutter (+pretty) nil]
  * 10.000326::context:module: =[13 0 0 :ui vi-tilde-fringe nil nil]
  * 10.000958::context:module: =[14 0 0 :ui workspaces nil nil]
  * 10.001554::context:module: =[15 0 0 :editor evil (+everywhere) nil]
  * 10.006560::context:module: =[16 0 0 :editor file-templates nil nil]
  * 10.007151::context:module: =[17 0 0 :editor fold nil nil]
  * 10.008454::context:module: =[18 0 0 :editor format (+onsave) nil]
  * 10.009083::context:module: =[19 0 0 :editor snippets nil nil]
  * 10.010186::context:module: =[20 0 0 :emacs dired nil nil]
  * 10.012052::context:module: =[21 0 0 :emacs electric nil nil]
  * 10.012104::context:module: =[22 0 0 :emacs ibuffer nil nil]
  * 10.012976::context:module: =[23 0 0 :emacs undo nil nil]
  * 10.013952::context:module: =[24 0 0 :emacs vc nil nil]
  * 10.016024::context:module: =[25 0 0 :checkers syntax nil nil]
  * 10.017040::context:module: =[26 0 0 :tools eval (+overlay) nil]
  * 10.017878::context:module: =[27 0 0 :tools lookup nil nil]
  * 10.020521::context:module: =[28 0 0 :tools magit nil nil]
  * 10.022117::context:module: =[29 0 0 :lang emacs-lisp nil nil]
  * 10.024677::context:module: =[30 0 0 :lang javascript nil nil]
  * 10.027084::context:module: =[31 0 0 :lang lua nil nil]
  * 10.028582::context:module: =[32 0 0 :lang markdown nil nil]
  * 10.030179::context:module: =[33 0 0 :lang org nil nil]
  * 10.040097::context:module: =[34 0 0 :lang php nil nil]
  * 10.043153::context:module: =[35 0 0 :lang python nil nil]
  * 10.047290::context:module: =[36 0 0 :lang sh nil nil]
  * 10.048301::context:module: =[37 0 0 :config default (+bindings +smartparens) nil]
  * 10.049571::context:module: =[1 105 -105 :user nil nil nil]
  > Installing packages...
    - No packages need to be installed
  > (Re)building packages...
    - No packages need rebuilding
  > Updating recipe repos...
    > Updating recipes for melpa...
    > Updating recipes for nongnu-elpa...
    ✓ nongnu-elpa updated (5555a53 -> b552c02)
      - $ cd /home/stefanj/.emacs.d/.local/straight/repos/nongnu-elpa/
        $ git config --get remote.origin.url
      
        https://git.savannah.gnu.org/git/emacs/nongnu.git
      
        [Return code: 0]
      
        $ cd /home/stefanj/.emacs.d/.local/straight/repos/nongnu-elpa/
        $ git fetch origin
      
        From https://git.savannah.gnu.org/git/emacs/nongnu
           5555a53..b552c02  main       -> origin/main
    > Updating recipes for gnu-elpa-mirror...
    > Updating recipes for el-get...
    > Updating recipes for emacsmirror-mirror...
  > Updating packages (this may take a while)...
    > (1/178) Fetching melpa...
    > (2/178) Fetching nongnu-elpa...
    > (3/178) Fetching gnu-elpa-mirror...
    > (4/178) Fetching el-get...
    > (5/178) Fetching emacsmirror-mirror...
    - (6/178) use-package is up-to-date...
    - (7/178) auto-minor-mode is up-to-date...
    - (8/178) gcmh is up-to-date...
    - (9/178) explain-pause-mode is up-to-date...
    - (10/178) straight is up-to-date...
    - (11/178) all-the-icons is up-to-date...
    - (12/178) hide-mode-line is up-to-date...
    - (13/178) highlight-numbers is up-to-date...
    - (14/178) rainbow-delimiters is up-to-date...
    - (15/178) restart-emacs is up-to-date...
    - (16/178) better-jumper is up-to-date...
    - (17/178) dtrt-indent is up-to-date...
    - (18/178) helpful is up-to-date...
    - (19/178) pcre2el is up-to-date...
    - (20/178) smartparens is up-to-date...
    - (21/178) ws-butler is up-to-date...
    - (22/178) projectile is up-to-date...
    - (23/178) project is up-to-date...
    - (24/178) general is up-to-date...
    - (25/178) which-key is up-to-date...
    - (26/178) company is up-to-date...
    - (27/178) company-dict is up-to-date...
    - (28/178) vertico is up-to-date...
    - (29/178) orderless is up-to-date...
    - (30/178) consult is up-to-date...
    - (31/178) compat is up-to-date...
    - (32/178) consult-dir is up-to-date...
    - (33/178) consult-flycheck is up-to-date...
    - (34/178) embark is up-to-date...
    - (35/178) embark-consult is up-to-date...
    - (36/178) marginalia is up-to-date...
    - (37/178) wgrep is up-to-date...
    - (38/178) doom-themes is up-to-date...
    - (39/178) solaire-mode is up-to-date...
    - (40/178) hl-todo is up-to-date...
    - (41/178) doom-modeline is up-to-date...
    - (42/178) anzu is up-to-date...
    - (43/178) evil-anzu is up-to-date...
    - (44/178) nav-flash is up-to-date...
    - (45/178) evil-goggles is up-to-date...
    - (46/178) git-gutter-fringe is up-to-date...
    - (47/178) vi-tilde-fringe is up-to-date...
    - (48/178) persp-mode is up-to-date...
    - (49/178) evil is up-to-date...
    - (50/178) evil-args is up-to-date...
    - (51/178) evil-easymotion is up-to-date...
    - (52/178) evil-embrace is up-to-date...
    - (53/178) evil-escape is up-to-date...
    - (54/178) evil-exchange is up-to-date...
    - (55/178) evil-indent-plus is up-to-date...
    - (56/178) evil-lion is up-to-date...
    - (57/178) evil-nerd-commenter is up-to-date...
    - (58/178) evil-numbers is up-to-date...
    - (59/178) evil-snipe is up-to-date...
    - (60/178) evil-surround is up-to-date...
    - (61/178) evil-textobj-anyblock is up-to-date...
    - (62/178) evil-traces is up-to-date...
    - (63/178) evil-visualstar is up-to-date...
    - (64/178) exato is up-to-date...
    - (65/178) evil-quick-diff is up-to-date...
    - (66/178) evil-collection is up-to-date...
    - (67/178) yasnippet is up-to-date...
    - (68/178) vimish-fold is up-to-date...
    - (69/178) evil-vimish-fold is up-to-date...
    - (70/178) format-all is up-to-date...
    - (71/178) auto-yasnippet is up-to-date...
    - (72/178) doom-snippets is up-to-date...
    - (73/178) diredfl is up-to-date...
    - (74/178) dired-git-info is up-to-date...
    - (75/178) dired-rsync is up-to-date...
    - (76/178) fd-dired is up-to-date...
    - (77/178) ibuffer-projectile is up-to-date...
    - (78/178) ibuffer-vc is up-to-date...
    - (79/178) undo-fu is up-to-date...
    - (80/178) undo-fu-session is up-to-date...
    - (81/178) browse-at-remote is up-to-date...
    - (82/178) git-commit is up-to-date...
    - (83/178) git-timemachine is up-to-date...
    - (84/178) git-modes is up-to-date...
    - (85/178) flycheck is up-to-date...
    - (86/178) flycheck-popup-tip is up-to-date...
    - (87/178) quickrun is up-to-date...
    - (88/178) eros is up-to-date...
    - (89/178) dumb-jump is up-to-date...
    - (90/178) request is up-to-date...
    - (91/178) magit is up-to-date...
    - (92/178) magit-gitflow is up-to-date...
    - (93/178) magit-todos is up-to-date...
    - (94/178) highlight-quoted is up-to-date...
    - (95/178) macrostep is up-to-date...
    - (96/178) overseer is up-to-date...
    - (97/178) elisp-def is up-to-date...
    - (98/178) elisp-demos is up-to-date...
    - (99/178) flycheck-package is up-to-date...
    - (100/178) flycheck-cask is up-to-date...
    - (101/178) buttercup is up-to-date...
    - (102/178) rjsx-mode is up-to-date...
    - (103/178) typescript-mode is up-to-date...
    - (104/178) js2-refactor is up-to-date...
    - (105/178) npm-mode is up-to-date...
    - (106/178) nodejs-repl is up-to-date...
    - (107/178) skewer-mode is up-to-date...
    - (108/178) tide is up-to-date...
    - (109/178) xref-js2 is up-to-date...
    - (110/178) lua-mode is up-to-date...
    - (111/178) company-lua is up-to-date...
    - (112/178) markdown-mode is up-to-date...
    - (113/178) markdown-toc is up-to-date...
    - (114/178) edit-indirect is up-to-date...
    - (115/178) evil-markdown is up-to-date...
    - (116/178) org is up-to-date...
    - (117/178) org-contrib is up-to-date...
    - (118/178) avy is up-to-date...
    - (119/178) htmlize is up-to-date...
    - (120/178) org-yt is up-to-date...
    - (121/178) ox-clip is up-to-date...
    - (122/178) toc-org is up-to-date...
    - (123/178) org-cliplink is up-to-date...
    - (124/178) evil-org is up-to-date...
    - (125/178) orgit is up-to-date...
    - (126/178) ob-async is up-to-date...
    - (127/178) ob-php is up-to-date...
    - (128/178) psysh is up-to-date...
    - (129/178) php-extras is up-to-date...
    - (130/178) php-mode is up-to-date...
    - (131/178) php-refactor-mode is up-to-date...
    - (132/178) phpunit is up-to-date...
    - (133/178) composer is up-to-date...
    - (134/178) phpactor is up-to-date...
    - (135/178) company-phpactor is up-to-date...
    - (136/178) php-cs-fixer is up-to-date...
    > (137/178) Fetching async...
    > (137/178) Re-cloning emacs-async...
      > Cloning emacs-async...
    ✓ (137/178) emacs-async: 10cedd8 -> c78bab7
    - (138/178) pip-requirements is up-to-date...
    - (139/178) anaconda-mode is up-to-date...
    - (140/178) company-anaconda is up-to-date...
    - (141/178) pipenv is up-to-date...
    - (142/178) pyvenv is up-to-date...
    - (143/178) nose is up-to-date...
    - (144/178) python-pytest is up-to-date...
    - (145/178) pyimport is up-to-date...
    - (146/178) py-isort is up-to-date...
    - (147/178) company-shell is up-to-date...
    - (148/178) drag-stuff is up-to-date...
    - (149/178) link-hint is up-to-date...
    - (150/178) bind-key is up-to-date...
    > (151/178) Fetching parent-mode...
    > (152/178) Fetching dash...
    > (153/178) Fetching s...
    > (154/178) Fetching f...
    > (155/178) Fetching elisp-refs...
    > (156/178) Fetching xref...
    > (157/178) Fetching pkg-info...
    > (158/178) Fetching epl...
    > (159/178) Fetching shrink-path...
    > (160/178) Fetching goto-chg...
    > (161/178) Fetching git-gutter...
    > (162/178) Fetching fringe-helper...
    > (163/178) Fetching embrace...
    > (164/178) Fetching expand-region...
    > (165/178) Fetching annalist...
    > (166/178) Fetching transient...
    > (167/178) Fetching with-editor...
    > (168/178) Fetching popup...
    - (169/178) magit-section is up-to-date...
    > (170/178) Fetching magit-popup...
    > (171/178) Fetching package-lint...
    > (172/178) Fetching js2-mode...
    > (173/178) Fetching multiple-cursors...
    > (174/178) Fetching simple-httpd...
    > (175/178) Fetching php-runtime...
    > (176/178) Fetching pythonic...
    > (177/178) Fetching load-env-vars...
    > (178/178) Fetching shut-up...
    ✓ Updated 1 package(s)
    > (Re)building packages...
      > Building async...
        INFO     Scraping files for async-autoloads.el... 
        INFO     Scraping files for async-autoloads.el...done
      ✓ Rebuilt 1 package(s)
  > Purging orphaned packages (for the emperor)...
    - Skipping builds
    - Skipping elpa packages
    - Skipping repos
    - Skipping regrafting
    - Skipping native bytecode
  > (Re)building profile in /home/stefanj/.emacs.d/.local/etc/@/...
    > Deleting old init files...
    > Generating 4 init files...
    > Byte-compiling ~/.emacs.d/.local/etc/@init.28.el...
    ✓ Built init.28.elc
  - Restart Emacs or use 'M-x doom/reload' for changes to take effect
* 52.167710:*:cli:Finished (GCs: 2, elapsed: 0.691333s)
* 52.167710:*:cli:Finished (GCs: 2, elapsed: 0.691333s)
✓ Finished in 52.16783s
