* 0.107637:*:cli:run!: doom sync -e
* 0.107777:*:cli:context-parse: found command (doom)
* 0.108073:*:cli:load: autoload /home/stefanj/.emacs.d/lisp/cli/sync.el
* 0.108121:*:cli:load: ~/.emacs.d/lisp/cli/sync.el nil
* 0.108485:*:cli:load: ~/.emacs.d/lisp/cli/packages nil
* 0.116733:*:cli:context-parse: found command (doom sync)
* 0.116998:*:cli:context-parse: found switch "-e"
* 0.117282:*:cli:context-execute: doom sync
* 0.117632:*:cli:execute: (:before) ((input) (context . #s(doom-cli-context (25506 57555 992414 505000) 603534 1 (172 . 13) nil nil doom nil nil (doom sync) nil (sync -e) ((--jobs) (-j) (-p) (-u) (-c) (-e . -e) (--eval) (-E) (--strict-load) (--load) (-L) (--color) (--benchmark) (--profile) (--pager) (--emacsdir) (--doomdir) (--verbose) (-v) (--debug) (-D) (--force) (-!)) ((t) ((doom sync) -e) ((doom) sync -e))  *doom-cli stdin*  *doom-cli stdout*  *doom-cli stderr* nil)) (_) (evals) (loads) (color?) (bench?) (profile) (pager) (emacsdir) (doomdir) (verbose?) (debug?) (force?))
* 0.117699:*:cli:execute: (:before doom build) nil
* 0.117730:*:cli:Initializing straight
* 0.117763::context: +packages (cli t)
* 0.117790::context:module: =[0 -110 -110 :core nil nil nil]
* 0.162100:*:cli:Initializing recipes
* 0.164799:*:cli:Installing core packages
* 0.164855:*:cli:execute: (doom sync) ((jobs) (purge?) (update?) (noelc?) (noenvvar? . -e))
* 0.165047:*:cli:call: (doom sync) -> (doom profiles sync --reload)
* 0.165131:*:cli:context-parse: found command (doom)
* 0.165365:*:cli:load: autoload /home/stefanj/.emacs.d/lisp/cli/profiles.el
* 0.165406:*:cli:load: ~/.emacs.d/lisp/cli/profiles.el nil
* 0.169608:*:cli:context-parse: found command (doom profiles)
* 0.169855:*:cli:context-parse: found command (doom profiles sync)
* 0.170092:*:cli:context-parse: found switch "--reload"
* 0.170350:*:cli:context-execute: doom profiles sync
* 0.170662:*:cli:execute: (:before) ((input) (context . #s(doom-cli-context (25506 57555 992414 505000) 603534 1 (172 . 13) nil nil doom nil nil (doom profiles sync) nil (sync -e) ((--reload . --reload) (--jobs) (-j) (-p) (-u) (-c) (-e . -e) (--eval) (-E) (--strict-load) (--load) (-L) (--color) (--benchmark) (--profile) (--pager) (--emacsdir) (--doomdir) (--verbose) (-v) (--debug) (-D) (--force) (-!)) ((t) ((doom profiles sync) --reload) ((doom profiles) sync --reload) ((doom) profiles sync --reload))  *doom-cli stdin*  *doom-cli stdout*  *doom-cli stderr* nil)) (_) (evals) (loads) (color?) (bench?) (profile) (pager) (emacsdir) (doomdir) (verbose?) (debug?) (force?))
* 0.170728:*:cli:execute: (doom profiles sync) ((reload? . --reload))
  * 0.171684:*:cli:Profiles are up-to-date!
> Synchronizing "default" profile...
  * 0.172218:*:cli:Initializing package.el
  * 0.391797:*:cli:Initializing straight.el
  * 0.392094::context: +packages (cli t)
  * 0.392133::context:module: =[1 105 -105 :user nil nil nil]
  * 0.392403::context:module: =[2 -111 -111 :config use-package nil nil]
  * 0.392900::context:module: =[0 -110 -110 :core nil nil nil]
  * 0.399807::context:module: =[1 105 -105 :user nil nil nil]
  * 0.400062::context:module: =[3 0 0 :completion company nil nil]
  * 0.400992::context:module: =[4 0 0 :completion vertico nil nil]
  * 0.404217::context:module: =[5 0 0 :ui doom nil nil]
  * 0.404945::context:module: =[6 0 0 :ui doom-dashboard nil nil]
  * 0.405002::context:module: =[7 0 0 :ui hl-todo nil nil]
  * 0.405499::context:module: =[8 0 0 :ui modeline nil nil]
  * 0.406771::context:module: =[9 0 0 :ui nav-flash nil nil]
  * 0.407235::context:module: =[10 0 0 :ui ophints nil nil]
  * 0.407879::context:module: =[11 0 0 :ui popup (+defaults) nil]
  * 0.407931::context:module: =[12 0 0 :ui vc-gutter (+pretty) nil]
  * 0.408555::context:module: =[13 0 0 :ui vi-tilde-fringe nil nil]
  * 0.409023::context:module: =[14 0 0 :ui workspaces nil nil]
  * 0.409499::context:module: =[15 0 0 :editor evil (+everywhere) nil]
  * 0.414446::context:module: =[16 0 0 :editor file-templates nil nil]
  * 0.414906::context:module: =[17 0 0 :editor fold nil nil]
  * 0.416047::context:module: =[18 0 0 :editor format (+onsave) nil]
  * 0.416489::context:module: =[19 0 0 :editor snippets nil nil]
  * 0.417465::context:module: =[20 0 0 :emacs dired nil nil]
  * 0.419139::context:module: =[21 0 0 :emacs electric nil nil]
  * 0.419194::context:module: =[22 0 0 :emacs ibuffer nil nil]
  * 0.419860::context:module: =[23 0 0 :emacs undo nil nil]
  * 0.420680::context:module: =[24 0 0 :emacs vc nil nil]
  * 0.422557::context:module: =[25 0 0 :checkers syntax nil nil]
  * 0.423418::context:module: =[26 0 0 :tools eval (+overlay) nil]
  * 0.424089::context:module: =[27 0 0 :tools lookup nil nil]
  * 0.426531::context:module: =[28 0 0 :tools magit nil nil]
  * 0.427933::context:module: =[29 0 0 :lang emacs-lisp nil nil]
  * 0.430304::context:module: =[30 0 0 :lang javascript nil nil]
  * 0.432412::context:module: =[31 0 0 :lang lua nil nil]
  * 0.433593::context:module: =[32 0 0 :lang markdown nil nil]
  * 0.434939::context:module: =[33 0 0 :lang org nil nil]
  * 0.444073::context:module: =[34 0 0 :lang php nil nil]
  * 0.448318::context:module: =[35 0 0 :lang python nil nil]
  * 0.451601::context:module: =[36 0 0 :lang sh nil nil]
  * 0.452343::context:module: =[37 0 0 :config default (+bindings +smartparens) nil]
  * 0.453373::context:module: =[1 105 -105 :user nil nil nil]
  > Installing packages...
    > Updating recipe repos...
      > Updating recipes for melpa...
      ✓ melpa updated (ae0fd31 -> 835c996)
        - $ cd /home/stefanj/.emacs.d/.local/straight/repos/melpa/
          $ git config --get remote.origin.url
        
          https://github.com/melpa/melpa.git
        
          [Return code: 0]
        
          $ cd /home/stefanj/.emacs.d/.local/straight/repos/melpa/
          $ git fetch origin
        
          From https://github.com/melpa/melpa
             ae0fd31f..835c996c  master     -> origin/master
      > Updating recipes for nongnu-elpa...
      > Updating recipes for gnu-elpa-mirror...
      > Updating recipes for el-get...
      > Updating recipes for emacsmirror-mirror...
    > Cloning ob-php...
    - Checked out ob-php: 6ebf7799e9ded1d5114094f46785960a50000614
    > Building ob-php...
      INFO     Scraping files for ob-php-autoloads.el... 
      INFO     Scraping files for ob-php-autoloads.el...done
    > Cloning psysh.el...
    > Building psysh...
    > Building psysh > Cloning php-runtime.el...
    > Building psysh > Building php-runtime...
      INFO     Scraping files for php-runtime-autoloads.el... 
      INFO     Scraping files for php-runtime-autoloads.el...done
    > Building psysh...
      INFO     Scraping files for psysh-autoloads.el... 
      INFO     Scraping files for psysh-autoloads.el...done
    > Cloning php-extras...
    - Checked out php-extras: d410c5af663c30c01d461ac476d1cbfbacb49367
    > Building php-extras...
    > Building php-extras > Cloning php-mode...
    - Checked out php-mode: 5f26bec865ee159dc30d3922f17bc42adfcfed50
    > Building php-extras > Building php-mode...
      INFO     Scraping files for php-mode-autoloads.el... 
      INFO     Scraping files for php-mode-autoloads.el...done
    > Building php-extras...
      INFO     Scraping files for php-extras-autoloads.el... 
      INFO     Scraping files for php-extras-autoloads.el...done
    > Cloning php-refactor-mode.el...
    > Building php-refactor-mode...
      INFO     Scraping files for php-refactor-mode-autoloads.el... 
    php-refactor-mode: Warning: Use keywords rather than deprecated positional arguments to `define-minor-mode'
      INFO     Scraping files for php-refactor-mode-autoloads.el...done
    > Cloning phpunit.el...
    > Building phpunit...
      INFO     Scraping files for phpunit-autoloads.el... 
      INFO     Scraping files for phpunit-autoloads.el...done
    > Cloning composer.el...
    > Building composer...
      INFO     Scraping files for composer-autoloads.el... 
      INFO     Scraping files for composer-autoloads.el...done
    > Cloning phpactor.el...
    > Building phpactor...
      INFO     Scraping files for phpactor-autoloads.el... 
      INFO     Scraping files for phpactor-autoloads.el...done
    > Building company-phpactor...
      INFO     Scraping files for company-phpactor-autoloads.el... 
      INFO     Scraping files for company-phpactor-autoloads.el...done
    > Cloning php-cs-fixer...
    - Checked out php-cs-fixer: 7e12a1af5d65cd8a801eeb5564c6268a4e190c0c
    > Building php-cs-fixer...
      INFO     Scraping files for php-cs-fixer-autoloads.el... 
      INFO     Scraping files for php-cs-fixer-autoloads.el...done
    ✓ Installed 11 packages
  > (Re)building packages...
    - No packages need rebuilding
  > Purging orphaned packages (for the emperor)...
    - Skipping builds
    - Skipping elpa packages
    - Skipping repos
    - Skipping regrafting
    - Skipping native bytecode
  > (Re)building profile in /home/stefanj/.emacs.d/.local/etc/@/...
    > Deleting old init files...
    > Generating 4 init files...
    > Byte-compiling ~/.emacs.d/.local/etc/@init.28.el...
    ✓ Built init.28.elc
  - Restart Emacs or use 'M-x doom/reload' for changes to take effect
* 34.822015:*:cli:Finished (GCs: 1, elapsed: 0.007988s)
* 34.822015:*:cli:Finished (GCs: 1, elapsed: 0.007988s)
✓ Finished in 34.82223s
