* 0.104564:*:cli:run!: doom sync -e
* 0.104686:*:cli:context-parse: found command (doom)
* 0.104996:*:cli:load: autoload /home/stefanj/.emacs.d/lisp/cli/sync.el
* 0.105041:*:cli:load: ~/.emacs.d/lisp/cli/sync.el nil
* 0.105228:*:cli:load: ~/.emacs.d/lisp/cli/packages nil
* 0.112976:*:cli:context-parse: found command (doom sync)
* 0.113245:*:cli:context-parse: found switch "-e"
* 0.113481:*:cli:context-execute: doom sync
* 0.113901:*:cli:execute: (:before) ((input) (context . #s(doom-cli-context (25505 51458 74540 18000) 153730 1 (190 . 12) nil nil doom nil nil (doom sync) nil (sync -e) ((--jobs) (-j) (-p) (-u) (-c) (-e . -e) (--eval) (-E) (--strict-load) (--load) (-L) (--color) (--benchmark) (--profile) (--pager) (--emacsdir) (--doomdir) (--verbose) (-v) (--debug) (-D) (--force) (-!)) ((t) ((doom sync) -e) ((doom) sync -e))  *doom-cli stdin*  *doom-cli stdout*  *doom-cli stderr* nil)) (_) (evals) (loads) (color?) (bench?) (profile) (pager) (emacsdir) (doomdir) (verbose?) (debug?) (force?))
* 0.114007:*:cli:execute: (:before doom build) nil
* 0.114039:*:cli:Initializing straight
* 0.114091::context: +packages (cli t)
* 0.114115::context:module: =[0 -110 -110 :core nil nil nil]
* 0.159487:*:cli:Initializing recipes
* 0.162228:*:cli:Installing core packages
* 0.162270:*:cli:execute: (doom sync) ((jobs) (purge?) (update?) (noelc?) (noenvvar? . -e))
* 0.162430:*:cli:call: (doom sync) -> (doom profiles sync --reload)
* 0.162540:*:cli:context-parse: found command (doom)
* 0.162741:*:cli:load: autoload /home/stefanj/.emacs.d/lisp/cli/profiles.el
* 0.162779:*:cli:load: ~/.emacs.d/lisp/cli/profiles.el nil
* 0.167051:*:cli:context-parse: found command (doom profiles)
* 0.167278:*:cli:context-parse: found command (doom profiles sync)
* 0.167518:*:cli:context-parse: found switch "--reload"
* 0.167770:*:cli:context-execute: doom profiles sync
* 0.168129:*:cli:execute: (:before) ((input) (context . #s(doom-cli-context (25505 51458 74540 18000) 153730 1 (190 . 12) nil nil doom nil nil (doom profiles sync) nil (sync -e) ((--reload . --reload) (--jobs) (-j) (-p) (-u) (-c) (-e . -e) (--eval) (-E) (--strict-load) (--load) (-L) (--color) (--benchmark) (--profile) (--pager) (--emacsdir) (--doomdir) (--verbose) (-v) (--debug) (-D) (--force) (-!)) ((t) ((doom profiles sync) --reload) ((doom profiles) sync --reload) ((doom) profiles sync --reload))  *doom-cli stdin*  *doom-cli stdout*  *doom-cli stderr* nil)) (_) (evals) (loads) (color?) (bench?) (profile) (pager) (emacsdir) (doomdir) (verbose?) (debug?) (force?))
* 0.168196:*:cli:execute: (doom profiles sync) ((reload? . --reload))
  * 0.168506:*:cli:Profiles are up-to-date!
> Synchronizing "default" profile...
  * 0.169097:*:cli:Initializing package.el
  * 0.359207:*:cli:Initializing straight.el
  * 0.359491::context: +packages (cli t)
  * 0.359526::context:module: =[1 105 -105 :user nil nil nil]
  * 0.359759::context:module: =[2 -111 -111 :config use-package nil nil]
  * 0.360331::context:module: =[0 -110 -110 :core nil nil nil]
  * 0.366804::context:module: =[1 105 -105 :user nil nil nil]
  * 0.367076::context:module: =[3 0 0 :completion company nil nil]
  * 0.368370::context:module: =[4 0 0 :completion vertico nil nil]
  * 0.372045::context:module: =[5 0 0 :ui doom nil nil]
  * 0.372779::context:module: =[6 0 0 :ui doom-dashboard nil nil]
  * 0.372829::context:module: =[7 0 0 :ui hl-todo nil nil]
  * 0.373381::context:module: =[8 0 0 :ui modeline nil nil]
  * 0.374612::context:module: =[9 0 0 :ui nav-flash nil nil]
  * 0.380060::context:module: =[10 0 0 :ui ophints nil nil]
  * 0.380682::context:module: =[11 0 0 :ui popup (+defaults) nil]
  * 0.380732::context:module: =[12 0 0 :ui vc-gutter (+pretty) nil]
  * 0.381337::context:module: =[13 0 0 :ui vi-tilde-fringe nil nil]
  * 0.381790::context:module: =[14 0 0 :ui workspaces nil nil]
  * 0.382255::context:module: =[15 0 0 :editor evil (+everywhere) nil]
  * 0.387110::context:module: =[16 0 0 :editor file-templates nil nil]
  * 0.387543::context:module: =[17 0 0 :editor fold nil nil]
  * 0.388704::context:module: =[18 0 0 :editor format (+onsave) nil]
  * 0.389195::context:module: =[19 0 0 :editor snippets nil nil]
  * 0.390151::context:module: =[20 0 0 :emacs dired nil nil]
  * 0.391797::context:module: =[21 0 0 :emacs electric nil nil]
  * 0.391888::context:module: =[22 0 0 :emacs ibuffer nil nil]
  * 0.392694::context:module: =[23 0 0 :emacs undo nil nil]
  * 0.393547::context:module: =[24 0 0 :emacs vc nil nil]
  * 0.395602::context:module: =[25 0 0 :checkers syntax nil nil]
  * 0.396503::context:module: =[26 0 0 :tools eval (+overlay) nil]
  * 0.397222::context:module: =[27 0 0 :tools lookup nil nil]
  * 0.399790::context:module: =[28 0 0 :tools magit nil nil]
  * 0.401280::context:module: =[29 0 0 :lang emacs-lisp nil nil]
  * 0.403639::context:module: =[30 0 0 :lang javascript nil nil]
  * 0.405804::context:module: =[31 0 0 :lang lua nil nil]
  * 0.407118::context:module: =[32 0 0 :lang markdown nil nil]
  * 0.408508::context:module: =[33 0 0 :lang org nil nil]
  * 0.418083::context:module: =[34 0 0 :lang python nil nil]
  * 0.421537::context:module: =[35 0 0 :lang sh nil nil]
  * 0.422333::context:module: =[36 0 0 :config default (+bindings +smartparens) nil]
  * 0.423428::context:module: =[1 105 -105 :user nil nil nil]
  > Installing packages...
    > Updating recipe repos...
      > Updating recipes for melpa...
      ✓ melpa updated (5d8c2c6 -> ae0fd31)
        - $ cd /home/stefanj/.emacs.d/.local/straight/repos/melpa/
          $ git config --get remote.origin.url
        
          https://github.com/melpa/melpa.git
        
          [Return code: 0]
        
          $ cd /home/stefanj/.emacs.d/.local/straight/repos/melpa/
          $ git fetch origin
        
          From https://github.com/melpa/melpa
             5d8c2c66..ae0fd31f  master     -> origin/master
      > Updating recipes for nongnu-elpa...
      ✓ nongnu-elpa updated (7e1a099 -> 5555a53)
        - $ cd /home/stefanj/.emacs.d/.local/straight/repos/nongnu-elpa/
          $ git config --get remote.origin.url
        
          https://git.savannah.gnu.org/git/emacs/nongnu.git
        
          [Return code: 0]
        
          $ cd /home/stefanj/.emacs.d/.local/straight/repos/nongnu-elpa/
          $ git fetch origin
        
          From https://git.savannah.gnu.org/git/emacs/nongnu
             7e1a099..5555a53  main       -> origin/main
      > Updating recipes for gnu-elpa-mirror...
      > Updating recipes for el-get...
      > Updating recipes for emacsmirror-mirror...
      ✓ emacsmirror-mirror updated (91e39fc -> 2f488f8)
        - $ cd /home/stefanj/.emacs.d/.local/straight/repos/emacsmirror-mirror/
          $ git config --get remote.origin.url
        
          https://github.com/emacs-straight/emacsmirror-mirror.git
        
          [Return code: 0]
        
          $ cd /home/stefanj/.emacs.d/.local/straight/repos/emacsmirror-mirror/
          $ git fetch origin
        
          From https://github.com/emacs-straight/emacsmirror-mirror
             91e39fc..2f488f8  master     -> origin/master
    > Cloning nav-flash...
    - Checked out nav-flash: 2e31f32085757e1dfdd8ec78e9940fd1c88750de
    > Building nav-flash...
      INFO     Scraping files for nav-flash-autoloads.el... 
      INFO     Scraping files for nav-flash-autoloads.el...done
    > Cloning ibuffer-projectile...
    - Checked out ibuffer-projectile: ecbe482804a217b1471593f6c7a8b3d64f3cdc47
    > Building ibuffer-projectile...
      INFO     Scraping files for ibuffer-projectile-autoloads.el... 
      INFO     Scraping files for ibuffer-projectile-autoloads.el...done
    > Cloning ibuffer-vc...
    - Checked out ibuffer-vc: 5fa6aea09bc67f71ea743302d609f459967b1e81
    > Building ibuffer-vc...
      INFO     Scraping files for ibuffer-vc-autoloads.el... 
      INFO     Scraping files for ibuffer-vc-autoloads.el...done
    ✓ Installed 3 packages
  > (Re)building packages...
    - No packages need rebuilding
  > Purging orphaned packages (for the emperor)...
    - Skipping builds
    - Skipping elpa packages
    - Skipping repos
    - Skipping regrafting
    - Skipping native bytecode
  > (Re)building profile in /home/stefanj/.emacs.d/.local/etc/@/...
    > Deleting old init files...
    > Generating 4 init files...
    > Byte-compiling ~/.emacs.d/.local/etc/@init.28.el...
    ✓ Built init.28.elc
  - Restart Emacs or use 'M-x doom/reload' for changes to take effect
* 36.089461:*:cli:Finished (GCs: 1, elapsed: 0.008030s)
* 36.089461:*:cli:Finished (GCs: 1, elapsed: 0.008030s)
✓ Finished in 36.08957s
