* 0.103439:*:cli:run!: doom sync -e
* 0.103564:*:cli:context-parse: found command (doom)
* 0.103941:*:cli:load: autoload /home/stefanj/.emacs.d/lisp/cli/sync.el
* 0.103988:*:cli:load: ~/.emacs.d/lisp/cli/sync.el nil
* 0.104176:*:cli:load: ~/.emacs.d/lisp/cli/packages nil
* 0.111513:*:cli:context-parse: found command (doom sync)
* 0.111751:*:cli:context-parse: found switch "-e"
* 0.112039:*:cli:context-execute: doom sync
* 0.112355:*:cli:execute: (:before) ((input) (context . #s(doom-cli-context (25505 52149 566581 773000) 169752 1 (237 . 17) nil nil doom nil nil (doom sync) nil (sync -e) ((--jobs) (-j) (-p) (-u) (-c) (-e . -e) (--eval) (-E) (--strict-load) (--load) (-L) (--color) (--benchmark) (--profile) (--pager) (--emacsdir) (--doomdir) (--verbose) (-v) (--debug) (-D) (--force) (-!)) ((t) ((doom sync) -e) ((doom) sync -e))  *doom-cli stdin*  *doom-cli stdout*  *doom-cli stderr* nil)) (_) (evals) (loads) (color?) (bench?) (profile) (pager) (emacsdir) (doomdir) (verbose?) (debug?) (force?))
* 0.112423:*:cli:execute: (:before doom build) nil
* 0.112453:*:cli:Initializing straight
* 0.112479::context: +packages (cli t)
* 0.112502::context:module: =[0 -110 -110 :core nil nil nil]
* 0.156401:*:cli:Initializing recipes
* 0.159146:*:cli:Installing core packages
* 0.159188:*:cli:execute: (doom sync) ((jobs) (purge?) (update?) (noelc?) (noenvvar? . -e))
* 0.159360:*:cli:call: (doom sync) -> (doom profiles sync --reload)
* 0.159448:*:cli:context-parse: found command (doom)
* 0.159645:*:cli:load: autoload /home/stefanj/.emacs.d/lisp/cli/profiles.el
* 0.159682:*:cli:load: ~/.emacs.d/lisp/cli/profiles.el nil
* 0.163663:*:cli:context-parse: found command (doom profiles)
* 0.163923:*:cli:context-parse: found command (doom profiles sync)
* 0.164189:*:cli:context-parse: found switch "--reload"
* 0.164430:*:cli:context-execute: doom profiles sync
* 0.164730:*:cli:execute: (:before) ((input) (context . #s(doom-cli-context (25505 52149 566581 773000) 169752 1 (237 . 17) nil nil doom nil nil (doom profiles sync) nil (sync -e) ((--reload . --reload) (--jobs) (-j) (-p) (-u) (-c) (-e . -e) (--eval) (-E) (--strict-load) (--load) (-L) (--color) (--benchmark) (--profile) (--pager) (--emacsdir) (--doomdir) (--verbose) (-v) (--debug) (-D) (--force) (-!)) ((t) ((doom profiles sync) --reload) ((doom profiles) sync --reload) ((doom) profiles sync --reload))  *doom-cli stdin*  *doom-cli stdout*  *doom-cli stderr* nil)) (_) (evals) (loads) (color?) (bench?) (profile) (pager) (emacsdir) (doomdir) (verbose?) (debug?) (force?))
* 0.164818:*:cli:execute: (doom profiles sync) ((reload? . --reload))
  * 0.165133:*:cli:Profiles are up-to-date!
> Synchronizing "default" profile...
  * 0.165687:*:cli:Initializing package.el
  * 0.355770:*:cli:Initializing straight.el
  * 0.356090::context: +packages (cli t)
  * 0.356127::context:module: =[1 105 -105 :user nil nil nil]
  * 0.356353::context:module: =[2 -111 -111 :config use-package nil nil]
  * 0.356838::context:module: =[0 -110 -110 :core nil nil nil]
  * 0.363256::context:module: =[1 105 -105 :user nil nil nil]
  * 0.363468::context:module: =[3 0 0 :completion company nil nil]
  * 0.364354::context:module: =[4 0 0 :completion vertico nil nil]
  * 0.367338::context:module: =[5 0 0 :ui doom nil nil]
  * 0.368061::context:module: =[6 0 0 :ui doom-dashboard nil nil]
  * 0.368110::context:module: =[7 0 0 :ui hl-todo nil nil]
  * 0.368518::context:module: =[8 0 0 :ui modeline nil nil]
  * 0.369689::context:module: =[9 0 0 :ui nav-flash nil nil]
  * 0.370176::context:module: =[10 0 0 :ui ophints nil nil]
  * 0.370749::context:module: =[11 0 0 :ui popup (+defaults) nil]
  * 0.370823::context:module: =[12 0 0 :ui vc-gutter (+pretty) nil]
  * 0.371424::context:module: =[13 0 0 :ui vi-tilde-fringe nil nil]
  * 0.371880::context:module: =[14 0 0 :ui workspaces nil nil]
  * 0.372296::context:module: =[15 0 0 :editor evil (+everywhere) nil]
  * 0.377120::context:module: =[16 0 0 :editor file-templates nil nil]
  * 0.377534::context:module: =[17 0 0 :editor fold nil nil]
  * 0.378671::context:module: =[18 0 0 :editor format (+onsave) nil]
  * 0.379134::context:module: =[19 0 0 :editor snippets nil nil]
  * 0.380105::context:module: =[20 0 0 :emacs dired nil nil]
  * 0.381657::context:module: =[21 0 0 :emacs electric nil nil]
  * 0.381703::context:module: =[22 0 0 :emacs ibuffer nil nil]
  * 0.382495::context:module: =[23 0 0 :emacs undo nil nil]
  * 0.383518::context:module: =[24 0 0 :emacs vc nil nil]
  * 0.385535::context:module: =[25 0 0 :checkers syntax nil nil]
  * 0.386473::context:module: =[26 0 0 :tools eval (+overlay) nil]
  * 0.387179::context:module: =[27 0 0 :tools lookup nil nil]
  * 0.389707::context:module: =[28 0 0 :tools magit nil nil]
  * 0.391294::context:module: =[29 0 0 :lang emacs-lisp nil nil]
  * 0.393761::context:module: =[30 0 0 :lang javascript nil nil]
  * 0.396039::context:module: =[31 0 0 :lang lua nil nil]
  * 0.397251::context:module: =[32 0 0 :lang markdown nil nil]
  * 0.398638::context:module: =[33 0 0 :lang org nil nil]
  * 0.407899::context:module: =[34 0 0 :lang python nil nil]
  * 0.411355::context:module: =[35 0 0 :lang sh nil nil]
  * 0.412131::context:module: =[36 0 0 :config default (+bindings +smartparens) nil]
  * 0.413202::context:module: =[1 105 -105 :user nil nil nil]
  > Installing packages...
    - No packages need to be installed
  > (Re)building packages...
    - No packages need rebuilding
  > Purging orphaned packages (for the emperor)...
    - Skipping builds
    - Skipping elpa packages
    - Skipping repos
    - Skipping regrafting
    - Skipping native bytecode
  > (Re)building profile in /home/stefanj/.emacs.d/.local/etc/@/...
    > Deleting old init files...
    > Generating 4 init files...
    > Byte-compiling ~/.emacs.d/.local/etc/@init.28.el...
    ✓ Built init.28.elc
  - Restart Emacs or use 'M-x doom/reload' for changes to take effect
* 1.160140:*:cli:Finished (GCs: 1, elapsed: 0.007971s)
* 1.160140:*:cli:Finished (GCs: 1, elapsed: 0.007971s)
✓ Finished in 1.16030s
