* 0.102573:*:cli:run!: doom sync -e
* 0.102705:*:cli:context-parse: found command (doom)
* 0.102968:*:cli:load: autoload /home/stefanj/.emacs.d/lisp/cli/sync.el
* 0.103017:*:cli:load: ~/.emacs.d/lisp/cli/sync.el nil
* 0.103219:*:cli:load: ~/.emacs.d/lisp/cli/packages nil
* 0.110651:*:cli:context-parse: found command (doom sync)
* 0.110906:*:cli:context-parse: found switch "-e"
* 0.111167:*:cli:context-execute: doom sync
* 0.111513:*:cli:execute: (:before) ((input) (context . #s(doom-cli-context (25505 52324 421128 575000) 173865 1 (189 . 12) nil nil doom nil nil (doom sync) nil (sync -e) ((--jobs) (-j) (-p) (-u) (-c) (-e . -e) (--eval) (-E) (--strict-load) (--load) (-L) (--color) (--benchmark) (--profile) (--pager) (--emacsdir) (--doomdir) (--verbose) (-v) (--debug) (-D) (--force) (-!)) ((t) ((doom sync) -e) ((doom) sync -e))  *doom-cli stdin*  *doom-cli stdout*  *doom-cli stderr* nil)) (_) (evals) (loads) (color?) (bench?) (profile) (pager) (emacsdir) (doomdir) (verbose?) (debug?) (force?))
* 0.111585:*:cli:execute: (:before doom build) nil
* 0.111616:*:cli:Initializing straight
* 0.111643::context: +packages (cli t)
* 0.111669::context:module: =[0 -110 -110 :core nil nil nil]
* 0.157571:*:cli:Initializing recipes
* 0.160429:*:cli:Installing core packages
* 0.160470:*:cli:execute: (doom sync) ((jobs) (purge?) (update?) (noelc?) (noenvvar? . -e))
* 0.160641:*:cli:call: (doom sync) -> (doom profiles sync --reload)
* 0.160734:*:cli:context-parse: found command (doom)
* 0.160943:*:cli:load: autoload /home/stefanj/.emacs.d/lisp/cli/profiles.el
* 0.160983:*:cli:load: ~/.emacs.d/lisp/cli/profiles.el nil
* 0.165139:*:cli:context-parse: found command (doom profiles)
* 0.165444:*:cli:context-parse: found command (doom profiles sync)
* 0.165682:*:cli:context-parse: found switch "--reload"
* 0.165939:*:cli:context-execute: doom profiles sync
* 0.166327:*:cli:execute: (:before) ((input) (context . #s(doom-cli-context (25505 52324 421128 575000) 173865 1 (189 . 12) nil nil doom nil nil (doom profiles sync) nil (sync -e) ((--reload . --reload) (--jobs) (-j) (-p) (-u) (-c) (-e . -e) (--eval) (-E) (--strict-load) (--load) (-L) (--color) (--benchmark) (--profile) (--pager) (--emacsdir) (--doomdir) (--verbose) (-v) (--debug) (-D) (--force) (-!)) ((t) ((doom profiles sync) --reload) ((doom profiles) sync --reload) ((doom) profiles sync --reload))  *doom-cli stdin*  *doom-cli stdout*  *doom-cli stderr* nil)) (_) (evals) (loads) (color?) (bench?) (profile) (pager) (emacsdir) (doomdir) (verbose?) (debug?) (force?))
* 0.166405:*:cli:execute: (doom profiles sync) ((reload? . --reload))
  * 0.166715:*:cli:Profiles are up-to-date!
> Synchronizing "default" profile...
  * 0.167294:*:cli:Initializing package.el
  * 0.368381:*:cli:Initializing straight.el
  * 0.368645::context: +packages (cli t)
  * 0.368681::context:module: =[1 105 -105 :user nil nil nil]
  * 0.368903::context:module: =[2 -111 -111 :config use-package nil nil]
  * 0.369374::context:module: =[0 -110 -110 :core nil nil nil]
  * 0.375817::context:module: =[1 105 -105 :user nil nil nil]
  * 0.376029::context:module: =[3 0 0 :completion company nil nil]
  * 0.376928::context:module: =[4 0 0 :completion vertico nil nil]
  * 0.379962::context:module: =[5 0 0 :ui doom nil nil]
  * 0.380673::context:module: =[6 0 0 :ui doom-dashboard nil nil]
  * 0.380724::context:module: =[7 0 0 :ui hl-todo nil nil]
  * 0.381151::context:module: =[8 0 0 :ui modeline nil nil]
  * 0.382424::context:module: =[9 0 0 :ui nav-flash nil nil]
  * 0.382841::context:module: =[10 0 0 :ui ophints nil nil]
  * 0.383554::context:module: =[11 0 0 :ui popup (+defaults) nil]
  * 0.383619::context:module: =[12 0 0 :ui vc-gutter (+pretty) nil]
  * 0.384521::context:module: =[13 0 0 :ui vi-tilde-fringe nil nil]
  * 0.384955::context:module: =[14 0 0 :ui workspaces nil nil]
  * 0.385462::context:module: =[15 0 0 :editor evil (+everywhere) nil]
  * 0.390354::context:module: =[16 0 0 :editor file-templates nil nil]
  * 0.390787::context:module: =[17 0 0 :editor fold nil nil]
  * 0.391944::context:module: =[18 0 0 :editor format (+onsave) nil]
  * 0.392443::context:module: =[19 0 0 :editor snippets nil nil]
  * 0.393366::context:module: =[20 0 0 :emacs dired nil nil]
  * 0.395000::context:module: =[21 0 0 :emacs electric nil nil]
  * 0.395050::context:module: =[22 0 0 :emacs ibuffer nil nil]
  * 0.395726::context:module: =[23 0 0 :emacs undo nil nil]
  * 0.396546::context:module: =[24 0 0 :emacs vc nil nil]
  * 0.398426::context:module: =[25 0 0 :checkers syntax nil nil]
  * 0.399320::context:module: =[26 0 0 :tools eval (+overlay) nil]
  * 0.399989::context:module: =[27 0 0 :tools lookup nil nil]
  * 0.402594::context:module: =[28 0 0 :tools magit nil nil]
  * 0.403984::context:module: =[29 0 0 :lang emacs-lisp nil nil]
  * 0.406358::context:module: =[30 0 0 :lang javascript nil nil]
  * 0.408532::context:module: =[31 0 0 :lang lua nil nil]
  * 0.409734::context:module: =[32 0 0 :lang markdown nil nil]
  * 0.411075::context:module: =[33 0 0 :lang org nil nil]
  * 0.420432::context:module: =[34 0 0 :lang python nil nil]
  * 0.424222::context:module: =[35 0 0 :lang sh nil nil]
  * 0.425099::context:module: =[36 0 0 :config default (+bindings +smartparens) nil]
  * 0.426320::context:module: =[1 105 -105 :user nil nil nil]
  > Installing packages...
    - No packages need to be installed
  > (Re)building packages...
    - No packages need rebuilding
  > Purging orphaned packages (for the emperor)...
    - Skipping builds
    - Skipping elpa packages
    - Skipping repos
    - Skipping regrafting
    - Skipping native bytecode
  > (Re)building profile in /home/stefanj/.emacs.d/.local/etc/@/...
    > Deleting old init files...
    > Generating 4 init files...
    > Byte-compiling ~/.emacs.d/.local/etc/@init.28.el...
    ✓ Built init.28.elc
  - Restart Emacs or use 'M-x doom/reload' for changes to take effect
* 1.169365:*:cli:Finished (GCs: 1, elapsed: 0.007947s)
* 1.169365:*:cli:Finished (GCs: 1, elapsed: 0.007947s)
✓ Finished in 1.16948s
