* 0.106032:*:cli:run!: doom sync -e
* 0.106207:*:cli:context-parse: found command (doom)
* 0.106467:*:cli:load: autoload /home/stefanj/.emacs.d/lisp/cli/sync.el
* 0.106516:*:cli:load: ~/.emacs.d/lisp/cli/sync.el nil
* 0.106717:*:cli:load: ~/.emacs.d/lisp/cli/packages nil
* 0.114426:*:cli:context-parse: found command (doom sync)
* 0.114679:*:cli:context-parse: found switch "-e"
* 0.114933:*:cli:context-execute: doom sync
* 0.115311:*:cli:execute: (:before) ((input) (context . #s(doom-cli-context (25505 52694 395295 155000) 182997 1 (136 . 9) nil nil doom nil nil (doom sync) nil (sync -e) ((--jobs) (-j) (-p) (-u) (-c) (-e . -e) (--eval) (-E) (--strict-load) (--load) (-L) (--color) (--benchmark) (--profile) (--pager) (--emacsdir) (--doomdir) (--verbose) (-v) (--debug) (-D) (--force) (-!)) ((t) ((doom sync) -e) ((doom) sync -e))  *doom-cli stdin*  *doom-cli stdout*  *doom-cli stderr* nil)) (_) (evals) (loads) (color?) (bench?) (profile) (pager) (emacsdir) (doomdir) (verbose?) (debug?) (force?))
* 0.115382:*:cli:execute: (:before doom build) nil
* 0.115413:*:cli:Initializing straight
* 0.115441::context: +packages (cli t)
* 0.115467::context:module: =[0 -110 -110 :core nil nil nil]
* 0.160270:*:cli:Initializing recipes
* 0.162977:*:cli:Installing core packages
* 0.163017:*:cli:execute: (doom sync) ((jobs) (purge?) (update?) (noelc?) (noenvvar? . -e))
* 0.163230:*:cli:call: (doom sync) -> (doom profiles sync --reload)
* 0.163328:*:cli:context-parse: found command (doom)
* 0.163537:*:cli:load: autoload /home/stefanj/.emacs.d/lisp/cli/profiles.el
* 0.163577:*:cli:load: ~/.emacs.d/lisp/cli/profiles.el nil
* 0.167743:*:cli:context-parse: found command (doom profiles)
* 0.167979:*:cli:context-parse: found command (doom profiles sync)
* 0.168267:*:cli:context-parse: found switch "--reload"
* 0.168524:*:cli:context-execute: doom profiles sync
* 0.168840:*:cli:execute: (:before) ((input) (context . #s(doom-cli-context (25505 52694 395295 155000) 182997 1 (136 . 9) nil nil doom nil nil (doom profiles sync) nil (sync -e) ((--reload . --reload) (--jobs) (-j) (-p) (-u) (-c) (-e . -e) (--eval) (-E) (--strict-load) (--load) (-L) (--color) (--benchmark) (--profile) (--pager) (--emacsdir) (--doomdir) (--verbose) (-v) (--debug) (-D) (--force) (-!)) ((t) ((doom profiles sync) --reload) ((doom profiles) sync --reload) ((doom) profiles sync --reload))  *doom-cli stdin*  *doom-cli stdout*  *doom-cli stderr* nil)) (_) (evals) (loads) (color?) (bench?) (profile) (pager) (emacsdir) (doomdir) (verbose?) (debug?) (force?))
* 0.168907:*:cli:execute: (doom profiles sync) ((reload? . --reload))
  * 0.169289:*:cli:Profiles are up-to-date!
> Synchronizing "default" profile...
  * 0.169820:*:cli:Initializing package.el
  * 0.360683:*:cli:Initializing straight.el
  * 0.360987::context: +packages (cli t)
  * 0.361030::context:module: =[1 105 -105 :user nil nil nil]
  * 0.361325::context:module: =[2 -111 -111 :config use-package nil nil]
  * 0.361859::context:module: =[0 -110 -110 :core nil nil nil]
  * 0.368794::context:module: =[1 105 -105 :user nil nil nil]
  * 0.369092::context:module: =[3 0 0 :completion company nil nil]
  * 0.370039::context:module: =[4 0 0 :completion vertico nil nil]
  * 0.373270::context:module: =[5 0 0 :ui doom nil nil]
  * 0.374037::context:module: =[6 0 0 :ui doom-dashboard nil nil]
  * 0.374105::context:module: =[7 0 0 :ui hl-todo nil nil]
  * 0.374579::context:module: =[8 0 0 :ui modeline nil nil]
  * 0.375849::context:module: =[9 0 0 :ui nav-flash nil nil]
  * 0.376334::context:module: =[10 0 0 :ui ophints nil nil]
  * 0.376988::context:module: =[11 0 0 :ui popup (+defaults) nil]
  * 0.377042::context:module: =[12 0 0 :ui vc-gutter (+pretty) nil]
  * 0.377697::context:module: =[13 0 0 :ui vi-tilde-fringe nil nil]
  * 0.378187::context:module: =[14 0 0 :ui workspaces nil nil]
  * 0.378660::context:module: =[15 0 0 :editor evil (+everywhere) nil]
  * 0.383785::context:module: =[16 0 0 :editor file-templates nil nil]
  * 0.384311::context:module: =[17 0 0 :editor fold nil nil]
  * 0.385559::context:module: =[18 0 0 :editor format (+onsave) nil]
  * 0.386061::context:module: =[19 0 0 :editor snippets nil nil]
  * 0.387100::context:module: =[20 0 0 :emacs dired nil nil]
  * 0.388919::context:module: =[21 0 0 :emacs electric nil nil]
  * 0.388975::context:module: =[22 0 0 :emacs ibuffer nil nil]
  * 0.389731::context:module: =[23 0 0 :emacs undo nil nil]
  * 0.390629::context:module: =[24 0 0 :emacs vc nil nil]
  * 0.392707::context:module: =[25 0 0 :checkers syntax nil nil]
  * 0.393677::context:module: =[26 0 0 :tools eval (+overlay) nil]
  * 0.395604::context:module: =[27 0 0 :tools lookup nil nil]
  * 0.398482::context:module: =[28 0 0 :tools magit nil nil]
  * 0.400205::context:module: =[29 0 0 :lang emacs-lisp nil nil]
  * 0.402940::context:module: =[30 0 0 :lang javascript nil nil]
  * 0.405317::context:module: =[31 0 0 :lang lua nil nil]
  * 0.406617::context:module: =[32 0 0 :lang markdown nil nil]
  * 0.408090::context:module: =[33 0 0 :lang org nil nil]
  * 0.417875::context:module: =[34 0 0 :lang python nil nil]
  * 0.421713::context:module: =[35 0 0 :lang sh nil nil]
  * 0.422570::context:module: =[36 0 0 :config default (+bindings +smartparens) nil]
  * 0.423774::context:module: =[1 105 -105 :user nil nil nil]
  > Installing packages...
    - No packages need to be installed
  > (Re)building packages...
    - No packages need rebuilding
  > Purging orphaned packages (for the emperor)...
    - Skipping builds
    - Skipping elpa packages
    - Skipping repos
    - Skipping regrafting
    - Skipping native bytecode
  > (Re)building profile in /home/stefanj/.emacs.d/.local/etc/@/...
    > Deleting old init files...
    > Generating 4 init files...
    > Byte-compiling ~/.emacs.d/.local/etc/@init.28.el...
    ✓ Built init.28.elc
  - Restart Emacs or use 'M-x doom/reload' for changes to take effect
* 1.172284:*:cli:Finished (GCs: 1, elapsed: 0.007940s)
* 1.172284:*:cli:Finished (GCs: 1, elapsed: 0.007940s)
✓ Finished in 1.17238s
