* 0.104695:*:cli:run!: doom sync -e
* 0.104826:*:cli:context-parse: found command (doom)
* 0.105086:*:cli:load: autoload /home/stefanj/.emacs.d/lisp/cli/sync.el
* 0.105134:*:cli:load: ~/.emacs.d/lisp/cli/sync.el nil
* 0.105375:*:cli:load: ~/.emacs.d/lisp/cli/packages nil
* 0.112967:*:cli:context-parse: found command (doom sync)
* 0.113220:*:cli:context-parse: found switch "-e"
* 0.113532:*:cli:context-execute: doom sync
* 0.113866:*:cli:execute: (:before) ((input) (context . #s(doom-cli-context (25505 52197 991123 260000) 171091 1 (210 . 14) nil nil doom nil nil (doom sync) nil (sync -e) ((--jobs) (-j) (-p) (-u) (-c) (-e . -e) (--eval) (-E) (--strict-load) (--load) (-L) (--color) (--benchmark) (--profile) (--pager) (--emacsdir) (--doomdir) (--verbose) (-v) (--debug) (-D) (--force) (-!)) ((t) ((doom sync) -e) ((doom) sync -e))  *doom-cli stdin*  *doom-cli stdout*  *doom-cli stderr* nil)) (_) (evals) (loads) (color?) (bench?) (profile) (pager) (emacsdir) (doomdir) (verbose?) (debug?) (force?))
* 0.113937:*:cli:execute: (:before doom build) nil
* 0.113968:*:cli:Initializing straight
* 0.113996::context: +packages (cli t)
* 0.114021::context:module: =[0 -110 -110 :core nil nil nil]
* 0.159747:*:cli:Initializing recipes
* 0.162421:*:cli:Installing core packages
* 0.162463:*:cli:execute: (doom sync) ((jobs) (purge?) (update?) (noelc?) (noenvvar? . -e))
* 0.162632:*:cli:call: (doom sync) -> (doom profiles sync --reload)
* 0.162725:*:cli:context-parse: found command (doom)
* 0.162933:*:cli:load: autoload /home/stefanj/.emacs.d/lisp/cli/profiles.el
* 0.162971:*:cli:load: ~/.emacs.d/lisp/cli/profiles.el nil
* 0.167037:*:cli:context-parse: found command (doom profiles)
* 0.167313:*:cli:context-parse: found command (doom profiles sync)
* 0.167570:*:cli:context-parse: found switch "--reload"
* 0.167824:*:cli:context-execute: doom profiles sync
* 0.168134:*:cli:execute: (:before) ((input) (context . #s(doom-cli-context (25505 52197 991123 260000) 171091 1 (210 . 14) nil nil doom nil nil (doom profiles sync) nil (sync -e) ((--reload . --reload) (--jobs) (-j) (-p) (-u) (-c) (-e . -e) (--eval) (-E) (--strict-load) (--load) (-L) (--color) (--benchmark) (--profile) (--pager) (--emacsdir) (--doomdir) (--verbose) (-v) (--debug) (-D) (--force) (-!)) ((t) ((doom profiles sync) --reload) ((doom profiles) sync --reload) ((doom) profiles sync --reload))  *doom-cli stdin*  *doom-cli stdout*  *doom-cli stderr* nil)) (_) (evals) (loads) (color?) (bench?) (profile) (pager) (emacsdir) (doomdir) (verbose?) (debug?) (force?))
* 0.168203:*:cli:execute: (doom profiles sync) ((reload? . --reload))
  * 0.168534:*:cli:Profiles are up-to-date!
> Synchronizing "default" profile...
  * 0.169070:*:cli:Initializing package.el
  * 0.355923:*:cli:Initializing straight.el
  * 0.356207::context: +packages (cli t)
  * 0.356245::context:module: =[1 105 -105 :user nil nil nil]
  * 0.356511::context:module: =[2 -111 -111 :config use-package nil nil]
  * 0.357004::context:module: =[0 -110 -110 :core nil nil nil]
  * 0.363600::context:module: =[1 105 -105 :user nil nil nil]
  * 0.363820::context:module: =[3 0 0 :completion company nil nil]
  * 0.364693::context:module: =[4 0 0 :completion vertico nil nil]
  * 0.367680::context:module: =[5 0 0 :ui doom nil nil]
  * 0.368374::context:module: =[6 0 0 :ui doom-dashboard nil nil]
  * 0.368426::context:module: =[7 0 0 :ui hl-todo nil nil]
  * 0.368864::context:module: =[8 0 0 :ui modeline nil nil]
  * 0.370046::context:module: =[9 0 0 :ui nav-flash nil nil]
  * 0.370495::context:module: =[10 0 0 :ui ophints nil nil]
  * 0.371110::context:module: =[11 0 0 :ui popup (+defaults) nil]
  * 0.371159::context:module: =[12 0 0 :ui vc-gutter (+pretty) nil]
  * 0.371768::context:module: =[13 0 0 :ui vi-tilde-fringe nil nil]
  * 0.372211::context:module: =[14 0 0 :ui workspaces nil nil]
  * 0.372680::context:module: =[15 0 0 :editor evil (+everywhere) nil]
  * 0.377550::context:module: =[16 0 0 :editor file-templates nil nil]
  * 0.377980::context:module: =[17 0 0 :editor fold nil nil]
  * 0.379136::context:module: =[18 0 0 :editor format (+onsave) nil]
  * 0.379638::context:module: =[19 0 0 :editor snippets nil nil]
  * 0.380643::context:module: =[20 0 0 :emacs dired nil nil]
  * 0.382355::context:module: =[21 0 0 :emacs electric nil nil]
  * 0.382406::context:module: =[22 0 0 :emacs ibuffer nil nil]
  * 0.383072::context:module: =[23 0 0 :emacs undo nil nil]
  * 0.383921::context:module: =[24 0 0 :emacs vc nil nil]
  * 0.385945::context:module: =[25 0 0 :checkers syntax nil nil]
  * 0.386868::context:module: =[26 0 0 :tools eval (+overlay) nil]
  * 0.387599::context:module: =[27 0 0 :tools lookup nil nil]
  * 0.390024::context:module: =[28 0 0 :tools magit nil nil]
  * 0.391437::context:module: =[29 0 0 :lang emacs-lisp nil nil]
  * 0.393828::context:module: =[30 0 0 :lang javascript nil nil]
  * 0.396081::context:module: =[31 0 0 :lang lua nil nil]
  * 0.397377::context:module: =[32 0 0 :lang markdown nil nil]
  * 0.398825::context:module: =[33 0 0 :lang org nil nil]
  * 0.408359::context:module: =[34 0 0 :lang python nil nil]
  * 0.412290::context:module: =[35 0 0 :lang sh nil nil]
  * 0.413203::context:module: =[36 0 0 :config default (+bindings +smartparens) nil]
  * 0.414445::context:module: =[1 105 -105 :user nil nil nil]
  > Installing packages...
    - No packages need to be installed
  > (Re)building packages...
    - No packages need rebuilding
  > Purging orphaned packages (for the emperor)...
    - Skipping builds
    - Skipping elpa packages
    - Skipping repos
    - Skipping regrafting
    - Skipping native bytecode
  > (Re)building profile in /home/stefanj/.emacs.d/.local/etc/@/...
    > Deleting old init files...
    > Generating 4 init files...
    > Byte-compiling ~/.emacs.d/.local/etc/@init.28.el...
    ✓ Built init.28.elc
  - Restart Emacs or use 'M-x doom/reload' for changes to take effect
* 1.163063:*:cli:Finished (GCs: 1, elapsed: 0.008080s)
* 1.163063:*:cli:Finished (GCs: 1, elapsed: 0.008080s)
✓ Finished in 1.16324s
