* 0.110273:*:cli:run!: doom sync -e
* 0.110410:*:cli:context-parse: found command (doom)
* 0.110774:*:cli:load: autoload /home/stefanj/.emacs.d/lisp/cli/sync.el
* 0.110823:*:cli:load: ~/.emacs.d/lisp/cli/sync.el nil
* 0.111194:*:cli:load: ~/.emacs.d/lisp/cli/packages nil
* 0.119296:*:cli:context-parse: found command (doom sync)
* 0.119563:*:cli:context-parse: found switch "-e"
* 0.119854:*:cli:context-execute: doom sync
* 0.120200:*:cli:execute: (:before) ((input) (context . #s(doom-cli-context (25508 62213 653636 755000) 491542 1 (172 . 13) nil nil doom nil nil (doom sync) nil (sync -e) ((--jobs) (-j) (-p) (-u) (-c) (-e . -e) (--eval) (-E) (--strict-load) (--load) (-L) (--color) (--benchmark) (--profile) (--pager) (--emacsdir) (--doomdir) (--verbose) (-v) (--debug) (-D) (--force) (-!)) ((t) ((doom sync) -e) ((doom) sync -e))  *doom-cli stdin*  *doom-cli stdout*  *doom-cli stderr* nil)) (_) (evals) (loads) (color?) (bench?) (profile) (pager) (emacsdir) (doomdir) (verbose?) (debug?) (force?))
* 0.120268:*:cli:execute: (:before doom build) nil
* 0.120299:*:cli:Initializing straight
* 0.120332::context: +packages (cli t)
* 0.120358::context:module: =[0 -110 -110 :core nil nil nil]
* 0.166543:*:cli:Initializing recipes
* 0.169535:*:cli:Installing core packages
* 0.169581:*:cli:execute: (doom sync) ((jobs) (purge?) (update?) (noelc?) (noenvvar? . -e))
* 0.169817:*:cli:call: (doom sync) -> (doom profiles sync --reload)
* 0.169909:*:cli:context-parse: found command (doom)
* 0.170144:*:cli:load: autoload /home/stefanj/.emacs.d/lisp/cli/profiles.el
* 0.170191:*:cli:load: ~/.emacs.d/lisp/cli/profiles.el nil
* 0.174739:*:cli:context-parse: found command (doom profiles)
* 0.174999:*:cli:context-parse: found command (doom profiles sync)
* 0.175244:*:cli:context-parse: found switch "--reload"
* 0.175522:*:cli:context-execute: doom profiles sync
* 0.175843:*:cli:execute: (:before) ((input) (context . #s(doom-cli-context (25508 62213 653636 755000) 491542 1 (172 . 13) nil nil doom nil nil (doom profiles sync) nil (sync -e) ((--reload . --reload) (--jobs) (-j) (-p) (-u) (-c) (-e . -e) (--eval) (-E) (--strict-load) (--load) (-L) (--color) (--benchmark) (--profile) (--pager) (--emacsdir) (--doomdir) (--verbose) (-v) (--debug) (-D) (--force) (-!)) ((t) ((doom profiles sync) --reload) ((doom profiles) sync --reload) ((doom) profiles sync --reload))  *doom-cli stdin*  *doom-cli stdout*  *doom-cli stderr* nil)) (_) (evals) (loads) (color?) (bench?) (profile) (pager) (emacsdir) (doomdir) (verbose?) (debug?) (force?))
* 0.175929:*:cli:execute: (doom profiles sync) ((reload? . --reload))
  * 0.176874:*:cli:Profiles are up-to-date!
> Synchronizing "default" profile...
  * 0.177431:*:cli:Initializing package.el
  * 0.412439:*:cli:Initializing straight.el
  * 0.412824::context: +packages (cli t)
  * 0.412866::context:module: =[1 105 -105 :user nil nil nil]
  * 0.413110::context:module: =[2 -111 -111 :config use-package nil nil]
  * 0.413607::context:module: =[0 -110 -110 :core nil nil nil]
  * 0.420398::context:module: =[1 105 -105 :user nil nil nil]
  * 0.420628::context:module: =[3 0 0 :completion company nil nil]
  * 0.421515::context:module: =[4 0 0 :completion vertico nil nil]
  * 0.424531::context:module: =[5 0 0 :ui doom nil nil]
  * 0.425236::context:module: =[6 0 0 :ui doom-dashboard nil nil]
  * 0.425290::context:module: =[7 0 0 :ui hl-todo nil nil]
  * 0.425742::context:module: =[8 0 0 :ui modeline nil nil]
  * 0.426950::context:module: =[9 0 0 :ui nav-flash nil nil]
  * 0.427394::context:module: =[10 0 0 :ui ophints nil nil]
  * 0.428024::context:module: =[11 0 0 :ui popup (+defaults) nil]
  * 0.428078::context:module: =[12 0 0 :ui vc-gutter (+pretty) nil]
  * 0.428692::context:module: =[13 0 0 :ui vi-tilde-fringe nil nil]
  * 0.429153::context:module: =[14 0 0 :ui workspaces nil nil]
  * 0.429579::context:module: =[15 0 0 :editor evil (+everywhere) nil]
  * 0.434407::context:module: =[16 0 0 :editor file-templates nil nil]
  * 0.434893::context:module: =[17 0 0 :editor fold nil nil]
  * 0.436044::context:module: =[18 0 0 :editor format (+onsave) nil]
  * 0.436495::context:module: =[19 0 0 :editor snippets nil nil]
  * 0.437452::context:module: =[20 0 0 :emacs dired nil nil]
  * 0.439452::context:module: =[21 0 0 :emacs electric nil nil]
  * 0.439504::context:module: =[22 0 0 :emacs ibuffer nil nil]
  * 0.440271::context:module: =[23 0 0 :emacs undo nil nil]
  * 0.441179::context:module: =[24 0 0 :emacs vc nil nil]
  * 0.443164::context:module: =[25 0 0 :checkers syntax nil nil]
  * 0.444068::context:module: =[26 0 0 :tools eval (+overlay) nil]
  * 0.444797::context:module: =[27 0 0 :tools lookup nil nil]
  * 0.447304::context:module: =[28 0 0 :tools magit nil nil]
  * 0.448790::context:module: =[29 0 0 :lang emacs-lisp nil nil]
  * 0.451216::context:module: =[30 0 0 :lang javascript nil nil]
  * 0.453414::context:module: =[31 0 0 :lang lua nil nil]
  * 0.454648::context:module: =[32 0 0 :lang markdown nil nil]
  * 0.456081::context:module: =[33 0 0 :lang org nil nil]
  * 0.465619::context:module: =[34 0 0 :lang php nil nil]
  * 0.468483::context:module: =[35 0 0 :lang python nil nil]
  * 0.472152::context:module: =[36 0 0 :lang sh nil nil]
  * 0.472961::context:module: =[37 0 0 :config default (+bindings +smartparens) nil]
  * 0.474086::context:module: =[1 105 -105 :user nil nil nil]
  > Installing packages...
    - No packages need to be installed
  > (Re)building packages...
    - No packages need rebuilding
  > Purging orphaned packages (for the emperor)...
    - Skipping builds
    - Skipping elpa packages
    - Skipping repos
    - Skipping regrafting
    - Skipping native bytecode
  > (Re)building profile in /home/stefanj/.emacs.d/.local/etc/@/...
    > Deleting old init files...
    > Generating 4 init files...
    > Byte-compiling ~/.emacs.d/.local/etc/@init.28.el...
    ✓ Built init.28.elc
  - Restart Emacs or use 'M-x doom/reload' for changes to take effect
* 1.902634:*:cli:Finished (GCs: 1, elapsed: 0.007978s)
* 1.902634:*:cli:Finished (GCs: 1, elapsed: 0.007978s)
✓ Finished in 1.90280s
