* 0.106760:*:cli:run!: doom sync -e
* 0.106896:*:cli:context-parse: found command (doom)
* 0.107171:*:cli:load: autoload /home/stefanj/.emacs.d/lisp/cli/sync.el
* 0.107222:*:cli:load: ~/.emacs.d/lisp/cli/sync.el nil
* 0.107434:*:cli:load: ~/.emacs.d/lisp/cli/packages nil
* 0.115174:*:cli:context-parse: found command (doom sync)
* 0.115435:*:cli:context-parse: found switch "-e"
* 0.115705:*:cli:context-execute: doom sync
* 0.116046:*:cli:execute: (:before) ((input) (context . #s(doom-cli-context (25505 52426 168227 899000) 176689 1 (93 . 13) nil nil doom nil nil (doom sync) nil (sync -e) ((--jobs) (-j) (-p) (-u) (-c) (-e . -e) (--eval) (-E) (--strict-load) (--load) (-L) (--color) (--benchmark) (--profile) (--pager) (--emacsdir) (--doomdir) (--verbose) (-v) (--debug) (-D) (--force) (-!)) ((t) ((doom sync) -e) ((doom) sync -e))  *doom-cli stdin*  *doom-cli stdout*  *doom-cli stderr* nil)) (_) (evals) (loads) (color?) (bench?) (profile) (pager) (emacsdir) (doomdir) (verbose?) (debug?) (force?))
* 0.116123:*:cli:execute: (:before doom build) nil
* 0.116160:*:cli:Initializing straight
* 0.116189::context: +packages (cli t)
* 0.116216::context:module: =[0 -110 -110 :core nil nil nil]
* 0.160183:*:cli:Initializing recipes
* 0.162814:*:cli:Installing core packages
* 0.162856:*:cli:execute: (doom sync) ((jobs) (purge?) (update?) (noelc?) (noenvvar? . -e))
* 0.163026:*:cli:call: (doom sync) -> (doom profiles sync --reload)
* 0.163119:*:cli:context-parse: found command (doom)
* 0.163335:*:cli:load: autoload /home/stefanj/.emacs.d/lisp/cli/profiles.el
* 0.163375:*:cli:load: ~/.emacs.d/lisp/cli/profiles.el nil
* 0.167396:*:cli:context-parse: found command (doom profiles)
* 0.167630:*:cli:context-parse: found command (doom profiles sync)
* 0.167873:*:cli:context-parse: found switch "--reload"
* 0.168130:*:cli:context-execute: doom profiles sync
* 0.168447:*:cli:execute: (:before) ((input) (context . #s(doom-cli-context (25505 52426 168227 899000) 176689 1 (93 . 13) nil nil doom nil nil (doom profiles sync) nil (sync -e) ((--reload . --reload) (--jobs) (-j) (-p) (-u) (-c) (-e . -e) (--eval) (-E) (--strict-load) (--load) (-L) (--color) (--benchmark) (--profile) (--pager) (--emacsdir) (--doomdir) (--verbose) (-v) (--debug) (-D) (--force) (-!)) ((t) ((doom profiles sync) --reload) ((doom profiles) sync --reload) ((doom) profiles sync --reload))  *doom-cli stdin*  *doom-cli stdout*  *doom-cli stderr* nil)) (_) (evals) (loads) (color?) (bench?) (profile) (pager) (emacsdir) (doomdir) (verbose?) (debug?) (force?))
* 0.168516:*:cli:execute: (doom profiles sync) ((reload? . --reload))
  * 0.168844:*:cli:Profiles are up-to-date!
> Synchronizing "default" profile...
  * 0.169392:*:cli:Initializing package.el
  * 0.358002:*:cli:Initializing straight.el
  * 0.358317::context: +packages (cli t)
  * 0.358356::context:module: =[1 105 -105 :user nil nil nil]
  * 0.358584::context:module: =[2 -111 -111 :config use-package nil nil]
  * 0.359067::context:module: =[0 -110 -110 :core nil nil nil]
  * 0.365431::context:module: =[1 105 -105 :user nil nil nil]
  * 0.365651::context:module: =[3 0 0 :completion company nil nil]
  * 0.366507::context:module: =[4 0 0 :completion vertico nil nil]
  * 0.369422::context:module: =[5 0 0 :ui doom nil nil]
  * 0.370087::context:module: =[6 0 0 :ui doom-dashboard nil nil]
  * 0.370138::context:module: =[7 0 0 :ui hl-todo nil nil]
  * 0.370569::context:module: =[8 0 0 :ui modeline nil nil]
  * 0.371726::context:module: =[9 0 0 :ui nav-flash nil nil]
  * 0.372170::context:module: =[10 0 0 :ui ophints nil nil]
  * 0.372766::context:module: =[11 0 0 :ui popup (+defaults) nil]
  * 0.372814::context:module: =[12 0 0 :ui vc-gutter (+pretty) nil]
  * 0.373397::context:module: =[13 0 0 :ui vi-tilde-fringe nil nil]
  * 0.373842::context:module: =[14 0 0 :ui workspaces nil nil]
  * 0.374294::context:module: =[15 0 0 :editor evil (+everywhere) nil]
  * 0.378896::context:module: =[16 0 0 :editor file-templates nil nil]
  * 0.379377::context:module: =[17 0 0 :editor fold nil nil]
  * 0.380487::context:module: =[18 0 0 :editor format (+onsave) nil]
  * 0.380947::context:module: =[19 0 0 :editor snippets nil nil]
  * 0.381878::context:module: =[20 0 0 :emacs dired nil nil]
  * 0.383553::context:module: =[21 0 0 :emacs electric nil nil]
  * 0.383602::context:module: =[22 0 0 :emacs ibuffer nil nil]
  * 0.384291::context:module: =[23 0 0 :emacs undo nil nil]
  * 0.385069::context:module: =[24 0 0 :emacs vc nil nil]
  * 0.386953::context:module: =[25 0 0 :checkers syntax nil nil]
  * 0.387829::context:module: =[26 0 0 :tools eval (+overlay) nil]
  * 0.388523::context:module: =[27 0 0 :tools lookup nil nil]
  * 0.390923::context:module: =[28 0 0 :tools magit nil nil]
  * 0.392385::context:module: =[29 0 0 :lang emacs-lisp nil nil]
  * 0.394692::context:module: =[30 0 0 :lang javascript nil nil]
  * 0.396754::context:module: =[31 0 0 :lang lua nil nil]
  * 0.397878::context:module: =[32 0 0 :lang markdown nil nil]
  * 0.399234::context:module: =[33 0 0 :lang org nil nil]
  * 0.407937::context:module: =[34 0 0 :lang python nil nil]
  * 0.411344::context:module: =[35 0 0 :lang sh nil nil]
  * 0.412066::context:module: =[36 0 0 :config default (+bindings +smartparens) nil]
  * 0.413136::context:module: =[1 105 -105 :user nil nil nil]
  > Installing packages...
    - No packages need to be installed
  > (Re)building packages...
    - No packages need rebuilding
  > Purging orphaned packages (for the emperor)...
    - Skipping builds
    - Skipping elpa packages
    - Skipping repos
    - Skipping regrafting
    - Skipping native bytecode
  > (Re)building profile in /home/stefanj/.emacs.d/.local/etc/@/...
    > Deleting old init files...
    > Generating 4 init files...
    > Byte-compiling ~/.emacs.d/.local/etc/@init.28.el...
    ✓ Built init.28.elc
  - Restart Emacs or use 'M-x doom/reload' for changes to take effect
* 1.150655:*:cli:Finished (GCs: 1, elapsed: 0.008023s)
* 1.150655:*:cli:Finished (GCs: 1, elapsed: 0.008023s)
✓ Finished in 1.15080s
